Started GET "/" for 127.0.0.1 at 2018-01-03 11:52:22 +0530
  
ActiveRecord::PendingMigrationError (

Migrations are pending. To resolve this issue, run:

        bin/rails db:migrate RAILS_ENV=development

):
  
activerecord (5.1.4) lib/active_record/migration.rb:576:in `check_pending!'
activerecord (5.1.4) lib/active_record/migration.rb:553:in `call'
actionpack (5.1.4) lib/action_dispatch/middleware/callbacks.rb:26:in `block in call'
activesupport (5.1.4) lib/active_support/callbacks.rb:97:in `run_callbacks'
actionpack (5.1.4) lib/action_dispatch/middleware/callbacks.rb:24:in `call'
actionpack (5.1.4) lib/action_dispatch/middleware/executor.rb:12:in `call'
actionpack (5.1.4) lib/action_dispatch/middleware/debug_exceptions.rb:59:in `call'
web-console (3.5.1) lib/web_console/middleware.rb:135:in `call_app'
web-console (3.5.1) lib/web_console/middleware.rb:28:in `block in call'
web-console (3.5.1) lib/web_console/middleware.rb:18:in `catch'
web-console (3.5.1) lib/web_console/middleware.rb:18:in `call'
actionpack (5.1.4) lib/action_dispatch/middleware/show_exceptions.rb:31:in `call'
railties (5.1.4) lib/rails/rack/logger.rb:36:in `call_app'
railties (5.1.4) lib/rails/rack/logger.rb:24:in `block in call'
activesupport (5.1.4) lib/active_support/tagged_logging.rb:69:in `block in tagged'
activesupport (5.1.4) lib/active_support/tagged_logging.rb:26:in `tagged'
activesupport (5.1.4) lib/active_support/tagged_logging.rb:69:in `tagged'
railties (5.1.4) lib/rails/rack/logger.rb:24:in `call'
sprockets-rails (3.2.1) lib/sprockets/rails/quiet_assets.rb:13:in `call'
actionpack (5.1.4) lib/action_dispatch/middleware/remote_ip.rb:79:in `call'
actionpack (5.1.4) lib/action_dispatch/middleware/request_id.rb:25:in `call'
rack (2.0.3) lib/rack/method_override.rb:22:in `call'
rack (2.0.3) lib/rack/runtime.rb:22:in `call'
activesupport (5.1.4) lib/active_support/cache/strategy/local_cache_middleware.rb:27:in `call'
actionpack (5.1.4) lib/action_dispatch/middleware/executor.rb:12:in `call'
actionpack (5.1.4) lib/action_dispatch/middleware/static.rb:125:in `call'
rack (2.0.3) lib/rack/sendfile.rb:111:in `call'
railties (5.1.4) lib/rails/engine.rb:522:in `call'
puma (3.11.0) lib/puma/configuration.rb:225:in `call'
puma (3.11.0) lib/puma/server.rb:624:in `handle_request'
puma (3.11.0) lib/puma/server.rb:438:in `process_client'
puma (3.11.0) lib/puma/server.rb:302:in `block in run'
puma (3.11.0) lib/puma/thread_pool.rb:120:in `block in spawn_thread'
  [1m[35m (0.1ms)[0m  [1m[34mSELECT sqlite_version(*)[0m
  [1m[35m (99.6ms)[0m  [1m[35mCREATE TABLE "schema_migrations" ("version" varchar NOT NULL PRIMARY KEY)[0m
  [1m[35m (105.8ms)[0m  [1m[35mCREATE TABLE "ar_internal_metadata" ("key" varchar NOT NULL PRIMARY KEY, "value" varchar, "created_at" datetime NOT NULL, "updated_at" datetime NOT NULL)[0m
  [1m[35m (0.2ms)[0m  [1m[34mSELECT "schema_migrations"."version" FROM "schema_migrations" ORDER BY "schema_migrations"."version" ASC[0m
Migrating to CreateEmployees (20171212095835)
  [1m[35m (0.1ms)[0m  [1m[36mbegin transaction[0m
  [1m[35m (0.5ms)[0m  [1m[35mCREATE TABLE "employees" ("id" INTEGER PRIMARY KEY AUTOINCREMENT NOT NULL, "name" varchar, "email" varchar, "created_at" datetime NOT NULL, "updated_at" datetime NOT NULL)[0m
  [1m[35mSQL (0.2ms)[0m  [1m[32mINSERT INTO "schema_migrations" ("version") VALUES (?)[0m  [["version", "20171212095835"]]
  [1m[35m (103.7ms)[0m  [1m[36mcommit transaction[0m
Migrating to AddIndexToEmployeesEmail (20171212101844)
  [1m[35m (0.3ms)[0m  [1m[36mbegin transaction[0m
  [1m[35m (1.1ms)[0m  [1m[35mCREATE UNIQUE INDEX "index_employees_on_email" ON "employees" ("email")[0m
  [1m[35mSQL (0.3ms)[0m  [1m[32mINSERT INTO "schema_migrations" ("version") VALUES (?)[0m  [["version", "20171212101844"]]
  [1m[35m (77.6ms)[0m  [1m[36mcommit transaction[0m
Migrating to AddPasswordDigestToEmployees (20171212102259)
  [1m[35m (0.1ms)[0m  [1m[36mbegin transaction[0m
  [1m[35m (0.6ms)[0m  [1m[35mALTER TABLE "employees" ADD "password_digest" varchar[0m
  [1m[35mSQL (0.2ms)[0m  [1m[32mINSERT INTO "schema_migrations" ("version") VALUES (?)[0m  [["version", "20171212102259"]]
  [1m[35m (72.8ms)[0m  [1m[36mcommit transaction[0m
Migrating to AddRememberDigestToEmployees (20171213094321)
  [1m[35m (0.1ms)[0m  [1m[36mbegin transaction[0m
  [1m[35m (0.6ms)[0m  [1m[35mALTER TABLE "employees" ADD "remember_digest" varchar[0m
  [1m[35mSQL (0.3ms)[0m  [1m[32mINSERT INTO "schema_migrations" ("version") VALUES (?)[0m  [["version", "20171213094321"]]
  [1m[35m (56.5ms)[0m  [1m[36mcommit transaction[0m
Migrating to AddPersonalemailToEmployees (20171215072049)
  [1m[35m (0.1ms)[0m  [1m[36mbegin transaction[0m
  [1m[35m (0.6ms)[0m  [1m[35mALTER TABLE "employees" ADD "personalemail" varchar[0m
  [1m[35mSQL (0.2ms)[0m  [1m[32mINSERT INTO "schema_migrations" ("version") VALUES (?)[0m  [["version", "20171215072049"]]
  [1m[35m (84.1ms)[0m  [1m[36mcommit transaction[0m
Migrating to AddDesignationToEmployees (20171218100652)
  [1m[35m (0.1ms)[0m  [1m[36mbegin transaction[0m
  [1m[35m (1.0ms)[0m  [1m[35mALTER TABLE "employees" ADD "designation" varchar[0m
  [1m[35mSQL (0.4ms)[0m  [1m[32mINSERT INTO "schema_migrations" ("version") VALUES (?)[0m  [["version", "20171218100652"]]
  [1m[35m (80.2ms)[0m  [1m[36mcommit transaction[0m
Migrating to AddDateofbirthToEmployees (20171218103603)
  [1m[35m (0.1ms)[0m  [1m[36mbegin transaction[0m
  [1m[35m (0.4ms)[0m  [1m[35mALTER TABLE "employees" ADD "dateofbirth" date[0m
  [1m[35mSQL (0.3ms)[0m  [1m[32mINSERT INTO "schema_migrations" ("version") VALUES (?)[0m  [["version", "20171218103603"]]
  [1m[35m (61.7ms)[0m  [1m[36mcommit transaction[0m
Migrating to AddDateofjoinToEmployees (20171218104225)
  [1m[35m (0.2ms)[0m  [1m[36mbegin transaction[0m
  [1m[35m (0.8ms)[0m  [1m[35mALTER TABLE "employees" ADD "dateofjoin" date[0m
  [1m[35mSQL (0.3ms)[0m  [1m[32mINSERT INTO "schema_migrations" ("version") VALUES (?)[0m  [["version", "20171218104225"]]
  [1m[35m (103.3ms)[0m  [1m[36mcommit transaction[0m
Migrating to AddGenderToEmployees (20171218115325)
  [1m[35m (0.1ms)[0m  [1m[36mbegin transaction[0m
  [1m[35m (0.5ms)[0m  [1m[35mALTER TABLE "employees" ADD "gender" varchar[0m
  [1m[35mSQL (0.3ms)[0m  [1m[32mINSERT INTO "schema_migrations" ("version") VALUES (?)[0m  [["version", "20171218115325"]]
  [1m[35m (78.9ms)[0m  [1m[36mcommit transaction[0m
Migrating to AddAddressToEmployees (20171218115522)
  [1m[35m (0.2ms)[0m  [1m[36mbegin transaction[0m
  [1m[35m (1.0ms)[0m  [1m[35mALTER TABLE "employees" ADD "address" varchar[0m
  [1m[35mSQL (0.3ms)[0m  [1m[32mINSERT INTO "schema_migrations" ("version") VALUES (?)[0m  [["version", "20171218115522"]]
  [1m[35m (66.1ms)[0m  [1m[36mcommit transaction[0m
Migrating to AddAdminToEmployees (20171220101007)
  [1m[35m (0.2ms)[0m  [1m[36mbegin transaction[0m
  [1m[35m (0.9ms)[0m  [1m[35mALTER TABLE "employees" ADD "admin" boolean[0m
  [1m[35mSQL (0.3ms)[0m  [1m[32mINSERT INTO "schema_migrations" ("version") VALUES (?)[0m  [["version", "20171220101007"]]
  [1m[35m (71.2ms)[0m  [1m[36mcommit transaction[0m
Migrating to AddPhoneToEmployees (20171220120157)
  [1m[35m (0.2ms)[0m  [1m[36mbegin transaction[0m
  [1m[35m (0.9ms)[0m  [1m[35mALTER TABLE "employees" ADD "phone" varchar[0m
  [1m[35mSQL (0.4ms)[0m  [1m[32mINSERT INTO "schema_migrations" ("version") VALUES (?)[0m  [["version", "20171220120157"]]
  [1m[35m (58.3ms)[0m  [1m[36mcommit transaction[0m
Migrating to AddActiveToEmployees (20171220122917)
  [1m[35m (0.3ms)[0m  [1m[36mbegin transaction[0m
  [1m[35m (0.6ms)[0m  [1m[35mALTER TABLE "employees" ADD "active" boolean[0m
  [1m[35mSQL (0.3ms)[0m  [1m[32mINSERT INTO "schema_migrations" ("version") VALUES (?)[0m  [["version", "20171220122917"]]
  [1m[35m (59.2ms)[0m  [1m[36mcommit transaction[0m
Migrating to AddUsernameToEmployees (20171220123535)
  [1m[35m (0.2ms)[0m  [1m[36mbegin transaction[0m
  [1m[35m (0.9ms)[0m  [1m[35mALTER TABLE "employees" ADD "username" varchar[0m
  [1m[35mSQL (0.4ms)[0m  [1m[32mINSERT INTO "schema_migrations" ("version") VALUES (?)[0m  [["version", "20171220123535"]]
  [1m[35m (63.6ms)[0m  [1m[36mcommit transaction[0m
Migrating to AddImageToEmployees (20171228051244)
  [1m[35m (0.2ms)[0m  [1m[36mbegin transaction[0m
  [1m[35m (1.0ms)[0m  [1m[35mALTER TABLE "employees" ADD "image" varchar[0m
  [1m[35mSQL (0.3ms)[0m  [1m[32mINSERT INTO "schema_migrations" ("version") VALUES (?)[0m  [["version", "20171228051244"]]
  [1m[35m (76.6ms)[0m  [1m[36mcommit transaction[0m
  [1m[36mActiveRecord::InternalMetadata Load (0.3ms)[0m  [1m[34mSELECT  "ar_internal_metadata".* FROM "ar_internal_metadata" WHERE "ar_internal_metadata"."key" = ? LIMIT ?[0m  [["key", "environment"], ["LIMIT", 1]]
  [1m[35m (0.1ms)[0m  [1m[36mbegin transaction[0m
  [1m[35mSQL (0.5ms)[0m  [1m[32mINSERT INTO "ar_internal_metadata" ("key", "value", "created_at", "updated_at") VALUES (?, ?, ?, ?)[0m  [["key", "environment"], ["value", "development"], ["created_at", "2018-01-03 06:22:44.472264"], ["updated_at", "2018-01-03 06:22:44.472264"]]
  [1m[35m (43.8ms)[0m  [1m[36mcommit transaction[0m
  [1m[35m (0.3ms)[0m  [1m[34mSELECT "schema_migrations"."version" FROM "schema_migrations" ORDER BY "schema_migrations"."version" ASC[0m
  [1m[35m (0.1ms)[0m  [1m[34m            SELECT sql
            FROM sqlite_master
            WHERE name='index_employees_on_email' AND type='index'
            UNION ALL
            SELECT sql
            FROM sqlite_temp_master
            WHERE name='index_employees_on_email' AND type='index'
[0m
Started GET "/" for 127.0.0.1 at 2018-01-03 11:52:57 +0530
  [1m[35m (0.6ms)[0m  [1m[34mSELECT "schema_migrations"."version" FROM "schema_migrations" ORDER BY "schema_migrations"."version" ASC[0m
Processing by SessionsController#new as HTML
  Rendering sessions/new.html.erb within layouts/application
  Rendered sessions/new.html.erb within layouts/application (124.4ms)
Completed 500 Internal Server Error in 4409ms (ActiveRecord: 0.0ms)


  
ActionView::Template::Error (couldn't find file 'jquery/dist/jquery.min.js' with type 'application/javascript'
Checked in these paths: 
  /home/levi/Documents/workspace/employee_portal/app/assets/config
  /home/levi/Documents/workspace/employee_portal/app/assets/images
  /home/levi/Documents/workspace/employee_portal/app/assets/javascripts
  /home/levi/Documents/workspace/employee_portal/app/assets/stylesheets
  /home/levi/.rvm/gems/ruby-2.4.1/gems/coffee-rails-4.2.2/lib/assets/javascripts
  /home/levi/.rvm/gems/ruby-2.4.1/gems/jquery-rails-4.3.1/vendor/assets/javascripts
  /home/levi/.rvm/gems/ruby-2.4.1/gems/actioncable-5.1.4/lib/assets/compiled
  /home/levi/.rvm/gems/ruby-2.4.1/gems/actionview-5.1.4/lib/assets/compiled
  /home/levi/.rvm/gems/ruby-2.4.1/gems/turbolinks-source-5.0.3/lib/assets/javascripts
  /home/levi/Documents/workspace/employee_portal/node_modules
  /home/levi/.rvm/gems/ruby-2.4.1/gems/bootstrap-sass-3.3.7/assets/stylesheets
  /home/levi/.rvm/gems/ruby-2.4.1/gems/bootstrap-sass-3.3.7/assets/javascripts
  /home/levi/.rvm/gems/ruby-2.4.1/gems/bootstrap-sass-3.3.7/assets/fonts
  /home/levi/.rvm/gems/ruby-2.4.1/gems/bootstrap-sass-3.3.7/assets/images):
    2: <html>
    3:   <head>
    4:     <%= csrf_meta_tags %>
    5:     <%= stylesheet_link_tag    'application', media: 'all',
    6:                                               'data-turbolinks-track': 'reload' %>
    7:     <%= javascript_include_tag 'application', 'data-turbolinks-track': 'reload' %>
    8:     <%= render 'layouts/shim' %>
  
app/assets/javascripts/application.js:13
app/views/layouts/application.html.erb:5:in `_app_views_layouts_application_html_erb___2016136319651468435_46277880'
Started GET "/" for 127.0.0.1 at 2018-01-03 11:54:39 +0530
  [1m[35m (0.2ms)[0m  [1m[34mSELECT "schema_migrations"."version" FROM "schema_migrations" ORDER BY "schema_migrations"."version" ASC[0m
Processing by SessionsController#new as HTML
  Rendering sessions/new.html.erb within layouts/application
  Rendered sessions/new.html.erb within layouts/application (15.2ms)
  Rendered layouts/_shim.html.erb (0.5ms)
  Rendered layouts/_header.html.erb (6.6ms)
Completed 200 OK in 958ms (Views: 948.4ms | ActiveRecord: 0.0ms)


  [1m[35m (0.1ms)[0m  [1m[36mbegin transaction[0m
  [1m[36mEmployee Exists (0.3ms)[0m  [1m[34mSELECT  1 AS one FROM "employees" WHERE LOWER("employees"."email") = LOWER(?) LIMIT ?[0m  [["email", "lvaguez@gmail.com"], ["LIMIT", 1]]
  [1m[36mEmployee Exists (0.2ms)[0m  [1m[34mSELECT  1 AS one FROM "employees" WHERE "employees"."phone" = ? LIMIT ?[0m  [["phone", "8089629700"], ["LIMIT", 1]]
  [1m[35m (0.1ms)[0m  [1m[31mrollback transaction[0m
Started GET "/" for 127.0.0.1 at 2018-01-03 12:08:04 +0530
  [1m[35m (0.2ms)[0m  [1m[34mSELECT "schema_migrations"."version" FROM "schema_migrations" ORDER BY "schema_migrations"."version" ASC[0m
Processing by SessionsController#new as HTML
  Rendering sessions/new.html.erb within layouts/application
  Rendered sessions/new.html.erb within layouts/application (34.1ms)
  Rendered layouts/_shim.html.erb (0.6ms)
  Rendered layouts/_header.html.erb (10.6ms)
Completed 200 OK in 449ms (Views: 433.4ms | ActiveRecord: 0.0ms)


Started GET "/adminlogin" for 127.0.0.1 at 2018-01-03 12:08:21 +0530
Processing by AdminsessionController#new as HTML
  Rendering adminsession/new.html.erb within layouts/application
  Rendered adminsession/new.html.erb within layouts/application (2.2ms)
  Rendered layouts/_shim.html.erb (0.4ms)
  Rendered layouts/_header.html.erb (1.2ms)
Completed 200 OK in 66ms (Views: 64.8ms | ActiveRecord: 0.0ms)


Started POST "/adminlogin" for 127.0.0.1 at 2018-01-03 12:08:37 +0530
Processing by AdminsessionController#create as HTML
  Parameters: {"utf8"=>"✓", "authenticity_token"=>"DO6qH3wL8+WdP6OW3DAP3nxRL0yNZ1sdRleXaejWflRc5zP2gScwONv8zOEiLcYg7RN15N7V1xckU2eloTj2sg==", "session"=>{"email"=>"lvaguez@gmail.com", "password"=>"[FILTERED]"}, "commit"=>"Log in"}
  [1m[36mEmployee Load (0.4ms)[0m  [1m[34mSELECT  "employees".* FROM "employees" WHERE "employees"."email" = ? LIMIT ?[0m  [["email", "lvaguez@gmail.com"], ["LIMIT", 1]]
  Rendering adminsession/new.html.erb within layouts/application
  Rendered adminsession/new.html.erb within layouts/application (3.1ms)
  Rendered layouts/_shim.html.erb (0.4ms)
  Rendered layouts/_header.html.erb (1.2ms)
Completed 200 OK in 108ms (Views: 66.5ms | ActiveRecord: 1.1ms)


  [1m[35m (0.2ms)[0m  [1m[36mbegin transaction[0m
  [1m[36mEmployee Exists (0.5ms)[0m  [1m[34mSELECT  1 AS one FROM "employees" WHERE LOWER("employees"."email") = LOWER(?) LIMIT ?[0m  [["email", "lvaguez@gmail.com"], ["LIMIT", 1]]
  [1m[36mEmployee Exists (0.2ms)[0m  [1m[34mSELECT  1 AS one FROM "employees" WHERE "employees"."phone" = ? LIMIT ?[0m  [["phone", "8089629700"], ["LIMIT", 1]]
  [1m[35m (0.1ms)[0m  [1m[31mrollback transaction[0m
  [1m[35m (0.2ms)[0m  [1m[36mbegin transaction[0m
  [1m[36mEmployee Exists (0.5ms)[0m  [1m[34mSELECT  1 AS one FROM "employees" WHERE LOWER("employees"."email") = LOWER(?) LIMIT ?[0m  [["email", "lvaguez@gmail.com"], ["LIMIT", 1]]
  [1m[36mEmployee Exists (0.5ms)[0m  [1m[34mSELECT  1 AS one FROM "employees" WHERE "employees"."phone" = ? LIMIT ?[0m  [["phone", "8089629700"], ["LIMIT", 1]]
  [1m[35mSQL (1.4ms)[0m  [1m[32mINSERT INTO "employees" ("name", "email", "created_at", "updated_at", "password_digest", "personalemail", "admin", "phone", "active", "username") VALUES (?, ?, ?, ?, ?, ?, ?, ?, ?, ?)[0m  [["name", "Levi"], ["email", "lvaguez@gmail.com"], ["created_at", "2018-01-03 06:42:16.879426"], ["updated_at", "2018-01-03 06:42:16.879426"], ["password_digest", "$2a$10$OQzNjXcWboOkBnyURTT4sebGXHhB/G4fnAR76.ELQvy9.RES/2wXe"], ["personalemail", "lvaguez@gmail.com"], ["admin", "t"], ["phone", "8089629700"], ["active", "t"], ["username", "lvaguez@gmail.com"]]
  [1m[35m (63.4ms)[0m  [1m[36mcommit transaction[0m
Started GET "/adminlogin" for 127.0.0.1 at 2018-01-03 12:12:33 +0530
Processing by AdminsessionController#new as HTML
  Rendering adminsession/new.html.erb within layouts/application
  Rendered adminsession/new.html.erb within layouts/application (2.0ms)
  Rendered layouts/_shim.html.erb (0.4ms)
  Rendered layouts/_header.html.erb (1.1ms)
Completed 200 OK in 58ms (Views: 56.4ms | ActiveRecord: 0.0ms)


Started POST "/adminlogin" for 127.0.0.1 at 2018-01-03 12:12:51 +0530
Processing by AdminsessionController#create as HTML
  Parameters: {"utf8"=>"✓", "authenticity_token"=>"ngeQ7XXAUcfFUnUPXXAObpXBu6A27GCiA+N9Qd3/s0zODgkEiOySGoORGnijbceQBIPhCGVe7Khh542NlBE7qg==", "session"=>{"email"=>"lvaguez@gmail.com", "password"=>"[FILTERED]"}, "commit"=>"Log in"}
  [1m[36mEmployee Load (0.3ms)[0m  [1m[34mSELECT  "employees".* FROM "employees" WHERE "employees"."email" = ? LIMIT ?[0m  [["email", "lvaguez@gmail.com"], ["LIMIT", 1]]
Redirected to http://localhost:3000/adminhome
Completed 302 Found in 131ms (ActiveRecord: 1.9ms)


Started GET "/adminhome" for 127.0.0.1 at 2018-01-03 12:12:51 +0530
Processing by AdminController#home as HTML
  [1m[36mEmployee Load (0.3ms)[0m  [1m[34mSELECT  "employees".* FROM "employees" WHERE "employees"."id" = ? LIMIT ?[0m  [["id", 1], ["LIMIT", 1]]
  Rendering admin/home.html.erb within layouts/application
  Rendered admin/home.html.erb within layouts/application (0.6ms)
  Rendered layouts/_shim.html.erb (0.4ms)
  Rendered layouts/_header.html.erb (1.3ms)
Completed 200 OK in 55ms (Views: 51.8ms | ActiveRecord: 0.3ms)


Started GET "/adminhome" for 127.0.0.1 at 2018-01-03 12:12:54 +0530
Processing by AdminController#home as HTML
  [1m[36mEmployee Load (0.2ms)[0m  [1m[34mSELECT  "employees".* FROM "employees" WHERE "employees"."id" = ? LIMIT ?[0m  [["id", 1], ["LIMIT", 1]]
  Rendering admin/home.html.erb within layouts/application
  Rendered admin/home.html.erb within layouts/application (0.8ms)
  Rendered layouts/_shim.html.erb (0.4ms)
  Rendered layouts/_header.html.erb (1.3ms)
Completed 200 OK in 64ms (Views: 61.4ms | ActiveRecord: 0.2ms)


Started GET "/adminemployee" for 127.0.0.1 at 2018-01-03 12:12:55 +0530
Processing by AdminController#index as HTML
  Rendering admin/index.html.erb within layouts/application
  [1m[36mEmployee Load (0.2ms)[0m  [1m[34mSELECT  "employees".* FROM "employees" WHERE "employees"."id" = ? LIMIT ?[0m  [["id", 1], ["LIMIT", 1]]
  [1m[36mEmployee Load (0.3ms)[0m  [1m[34mSELECT  "employees".* FROM "employees" ORDER BY created_at DESC LIMIT ? OFFSET ?[0m  [["LIMIT", 10], ["OFFSET", 0]]
  Rendered admin/index.html.erb within layouts/application (5.4ms)
  Rendered layouts/_shim.html.erb (0.4ms)
  Rendered layouts/_header.html.erb (1.3ms)
Completed 200 OK in 66ms (Views: 63.2ms | ActiveRecord: 0.6ms)


Started GET "/adminemployee" for 127.0.0.1 at 2018-01-03 12:12:58 +0530
Processing by AdminController#index as HTML
  Rendering admin/index.html.erb within layouts/application
  [1m[36mEmployee Load (0.3ms)[0m  [1m[34mSELECT  "employees".* FROM "employees" WHERE "employees"."id" = ? LIMIT ?[0m  [["id", 1], ["LIMIT", 1]]
  [1m[36mEmployee Load (0.6ms)[0m  [1m[34mSELECT  "employees".* FROM "employees" ORDER BY created_at DESC LIMIT ? OFFSET ?[0m  [["LIMIT", 10], ["OFFSET", 0]]
  Rendered admin/index.html.erb within layouts/application (7.1ms)
  Rendered layouts/_shim.html.erb (0.5ms)
  Rendered layouts/_header.html.erb (1.5ms)
Completed 200 OK in 63ms (Views: 60.3ms | ActiveRecord: 0.9ms)


Started GET "/adminemployee" for 127.0.0.1 at 2018-01-03 12:13:00 +0530
Processing by AdminController#index as HTML
  Rendering admin/index.html.erb within layouts/application
  [1m[36mEmployee Load (0.4ms)[0m  [1m[34mSELECT  "employees".* FROM "employees" WHERE "employees"."id" = ? LIMIT ?[0m  [["id", 1], ["LIMIT", 1]]
  [1m[36mEmployee Load (0.5ms)[0m  [1m[34mSELECT  "employees".* FROM "employees" ORDER BY created_at DESC LIMIT ? OFFSET ?[0m  [["LIMIT", 10], ["OFFSET", 0]]
  Rendered admin/index.html.erb within layouts/application (6.3ms)
  Rendered layouts/_shim.html.erb (0.4ms)
  Rendered layouts/_header.html.erb (1.3ms)
Completed 200 OK in 70ms (Views: 67.3ms | ActiveRecord: 0.9ms)


Started GET "/adminhome" for 127.0.0.1 at 2018-01-03 12:13:01 +0530
Processing by AdminController#home as HTML
  [1m[36mEmployee Load (0.5ms)[0m  [1m[34mSELECT  "employees".* FROM "employees" WHERE "employees"."id" = ? LIMIT ?[0m  [["id", 1], ["LIMIT", 1]]
  Rendering admin/home.html.erb within layouts/application
  Rendered admin/home.html.erb within layouts/application (0.8ms)
  Rendered layouts/_shim.html.erb (0.4ms)
  Rendered layouts/_header.html.erb (1.2ms)
Completed 200 OK in 62ms (Views: 58.5ms | ActiveRecord: 0.5ms)


Started GET "/adminemployee" for 127.0.0.1 at 2018-01-03 12:13:03 +0530
Processing by AdminController#index as HTML
  Rendering admin/index.html.erb within layouts/application
  [1m[36mEmployee Load (0.5ms)[0m  [1m[34mSELECT  "employees".* FROM "employees" WHERE "employees"."id" = ? LIMIT ?[0m  [["id", 1], ["LIMIT", 1]]
  [1m[36mEmployee Load (0.5ms)[0m  [1m[34mSELECT  "employees".* FROM "employees" ORDER BY created_at DESC LIMIT ? OFFSET ?[0m  [["LIMIT", 10], ["OFFSET", 0]]
  Rendered admin/index.html.erb within layouts/application (6.5ms)
  Rendered layouts/_shim.html.erb (0.4ms)
  Rendered layouts/_header.html.erb (1.5ms)
Completed 200 OK in 70ms (Views: 66.7ms | ActiveRecord: 1.0ms)


Started GET "/addemployee" for 127.0.0.1 at 2018-01-03 12:14:33 +0530
Processing by AdminController#addemployee as HTML
  [1m[36mEmployee Load (0.5ms)[0m  [1m[34mSELECT  "employees".* FROM "employees" WHERE "employees"."id" = ? LIMIT ?[0m  [["id", 1], ["LIMIT", 1]]
  Rendering admin/addemployee.html.erb within layouts/application
  Rendered shared/_error_messages.html.erb (0.9ms)
  Rendered admin/addemployee.html.erb within layouts/application (89.8ms)
  Rendered layouts/_shim.html.erb (0.4ms)
  Rendered layouts/_header.html.erb (1.8ms)
Completed 200 OK in 153ms (Views: 148.5ms | ActiveRecord: 0.5ms)


Started POST "/addemployee" for 127.0.0.1 at 2018-01-03 12:17:02 +0530
Processing by AdminController#create as HTML
  Parameters: {"utf8"=>"✓", "authenticity_token"=>"wOKPxzO7Bx5c8iKeQdnskFmWoSiuQ8Umpg1Qot/cTKfYz1SurpJjST1rYZo+y4I9nA6vR0jVKnseXoZO5N/zOw==", "employee"=>{"name"=>"Sandeep KS", "designation"=>"Ruby Front End Developer", "email"=>"sandeepks2255@gmail.com", "phone"=>"9074300000", "gender"=>"1", "dateofjoin"=>"2017-11-13", "address"=>"Sandeep's house, sandeep lane, sandeep town, sandeep city", "active"=>"1", "username"=>"sandeepks2255@gmail.com", "password"=>"[FILTERED]", "password_confirmation"=>"[FILTERED]"}, "commit"=>"Add Employee"}
  [1m[35m (0.1ms)[0m  [1m[36mbegin transaction[0m
  [1m[36mEmployee Exists (0.3ms)[0m  [1m[34mSELECT  1 AS one FROM "employees" WHERE LOWER("employees"."email") = LOWER(?) LIMIT ?[0m  [["email", "sandeepks2255@gmail.com"], ["LIMIT", 1]]
  [1m[36mEmployee Exists (0.2ms)[0m  [1m[34mSELECT  1 AS one FROM "employees" WHERE "employees"."phone" = ? LIMIT ?[0m  [["phone", "9074300000"], ["LIMIT", 1]]
  [1m[35mSQL (1.1ms)[0m  [1m[32mINSERT INTO "employees" ("name", "email", "created_at", "updated_at", "password_digest", "designation", "dateofjoin", "gender", "address", "phone", "active", "username") VALUES (?, ?, ?, ?, ?, ?, ?, ?, ?, ?, ?, ?)[0m  [["name", "Sandeep KS"], ["email", "sandeepks2255@gmail.com"], ["created_at", "2018-01-03 06:47:02.244865"], ["updated_at", "2018-01-03 06:47:02.244865"], ["password_digest", "$2a$10$sJHxLcSKeXXz7JOWvv42ouTe.nQ1ZDKDweTarV26wQbMp/B46ZUeO"], ["designation", "Ruby Front End Developer"], ["dateofjoin", "2017-11-13"], ["gender", "1"], ["address", "Sandeep's house, sandeep lane, sandeep town, sandeep city"], ["phone", "9074300000"], ["active", "t"], ["username", "sandeepks2255@gmail.com"]]
  [1m[35m (104.1ms)[0m  [1m[36mcommit transaction[0m
Redirected to http://localhost:3000/adminemployee
Completed 302 Found in 217ms (ActiveRecord: 105.7ms)


Started GET "/adminemployee" for 127.0.0.1 at 2018-01-03 12:17:02 +0530
Processing by AdminController#index as HTML
  Rendering admin/index.html.erb within layouts/application
  [1m[36mEmployee Load (0.2ms)[0m  [1m[34mSELECT  "employees".* FROM "employees" WHERE "employees"."id" = ? LIMIT ?[0m  [["id", 2], ["LIMIT", 1]]
  [1m[36mEmployee Load (0.5ms)[0m  [1m[34mSELECT  "employees".* FROM "employees" ORDER BY created_at DESC LIMIT ? OFFSET ?[0m  [["LIMIT", 10], ["OFFSET", 0]]
  Rendered admin/index.html.erb within layouts/application (5.8ms)
  Rendered layouts/_shim.html.erb (0.3ms)
  Rendered layouts/_header.html.erb (1.4ms)
Completed 200 OK in 61ms (Views: 58.3ms | ActiveRecord: 0.7ms)


Started DELETE "/adminlogout" for 127.0.0.1 at 2018-01-03 12:17:07 +0530
Processing by AdminsessionController#destroy as HTML
  Parameters: {"authenticity_token"=>"aHWL3774WXlhg6gK8qlqTf7o1sfIoTuW8m9YzqbbDg84fBI2Q9SapCdAx30MtKOzb6qMb5sTt5yQa6gC7zWG6Q=="}
  [1m[36mEmployee Load (0.3ms)[0m  [1m[34mSELECT  "employees".* FROM "employees" WHERE "employees"."id" = ? LIMIT ?[0m  [["id", 2], ["LIMIT", 1]]
Redirected to http://localhost:3000/adminlogin
Completed 302 Found in 3ms (ActiveRecord: 0.3ms)


Started GET "/adminlogin" for 127.0.0.1 at 2018-01-03 12:17:07 +0530
Processing by AdminsessionController#new as HTML
  Rendering adminsession/new.html.erb within layouts/application
  Rendered adminsession/new.html.erb within layouts/application (4.1ms)
  Rendered layouts/_shim.html.erb (0.3ms)
  Rendered layouts/_header.html.erb (1.4ms)
Completed 200 OK in 67ms (Views: 65.8ms | ActiveRecord: 0.0ms)


Started GET "/" for 127.0.0.1 at 2018-01-03 12:17:11 +0530
Processing by SessionsController#new as HTML
  Rendering sessions/new.html.erb within layouts/application
  Rendered sessions/new.html.erb within layouts/application (2.3ms)
  Rendered layouts/_shim.html.erb (0.4ms)
  Rendered layouts/_header.html.erb (1.0ms)
Completed 200 OK in 56ms (Views: 54.5ms | ActiveRecord: 0.0ms)


Started POST "/login" for 127.0.0.1 at 2018-01-03 12:17:28 +0530
Processing by SessionsController#create as HTML
  Parameters: {"utf8"=>"✓", "authenticity_token"=>"eTLpeP+Xh4Hd+doNxRO22oqe2QF12RecY2IhiUjm1icpO3CRArtEXJs6tXo7Dn8kG9yDqSZrm5YBZtFFAQhewQ==", "session"=>{"email"=>"sandeepks2255@gmail.com", "password"=>"[FILTERED]", "remember_me"=>"0"}, "commit"=>"Log in"}
  [1m[36mEmployee Load (0.3ms)[0m  [1m[34mSELECT  "employees".* FROM "employees" WHERE "employees"."email" = ? LIMIT ?[0m  [["email", "sandeepks2255@gmail.com"], ["LIMIT", 1]]
Redirected to http://localhost:3000/home
Completed 302 Found in 102ms (ActiveRecord: 0.3ms)


Started GET "/home" for 127.0.0.1 at 2018-01-03 12:17:29 +0530
Processing by EmployeesController#home as HTML
  [1m[36mEmployee Load (0.3ms)[0m  [1m[34mSELECT  "employees".* FROM "employees" WHERE "employees"."id" = ? LIMIT ?[0m  [["id", 2], ["LIMIT", 1]]
  Rendering employees/home.html.erb within layouts/application
  Rendered employees/home.html.erb within layouts/application (0.7ms)
  Rendered layouts/_shim.html.erb (0.3ms)
  Rendered layouts/_header.html.erb (1.7ms)
Completed 200 OK in 57ms (Views: 54.0ms | ActiveRecord: 0.3ms)


Started GET "/home" for 127.0.0.1 at 2018-01-03 12:17:32 +0530
Processing by EmployeesController#home as HTML
  [1m[36mEmployee Load (0.5ms)[0m  [1m[34mSELECT  "employees".* FROM "employees" WHERE "employees"."id" = ? LIMIT ?[0m  [["id", 2], ["LIMIT", 1]]
  Rendering employees/home.html.erb within layouts/application
  Rendered employees/home.html.erb within layouts/application (0.8ms)
  Rendered layouts/_shim.html.erb (0.5ms)
  Rendered layouts/_header.html.erb (1.3ms)
Completed 200 OK in 55ms (Views: 51.9ms | ActiveRecord: 0.5ms)


Started GET "/employees/2/edit" for 127.0.0.1 at 2018-01-03 12:17:33 +0530
Processing by EmployeesController#edit as HTML
  Parameters: {"id"=>"2"}
  [1m[36mEmployee Load (0.6ms)[0m  [1m[34mSELECT  "employees".* FROM "employees" WHERE "employees"."id" = ? LIMIT ?[0m  [["id", 2], ["LIMIT", 1]]
  Rendering employees/edit.html.erb within layouts/application
  Rendered employees/edit.html.erb within layouts/application (22.8ms)
  Rendered layouts/_shim.html.erb (0.3ms)
  Rendered layouts/_header.html.erb (1.2ms)
Completed 200 OK in 89ms (Views: 85.2ms | ActiveRecord: 0.6ms)


Started PATCH "/employees/2" for 127.0.0.1 at 2018-01-03 12:18:22 +0530
Processing by EmployeesController#update as HTML
  Parameters: {"utf8"=>"✓", "authenticity_token"=>"kv8lUjJNuOmYz1fxfVYBllNIQeqHOceigP34QK06W65gJ9P0KX2aUwQ1WewhegqaDK4BMAzEewtQhqn2DYlj4Q==", "employee"=>{"id"=>"RP2", "designation"=>"Ruby Front End Developer", "email"=>"sandeepks2255@gmail.com", "dateofjoin"=>"2017-11-13", "username"=>"sandeepks2255@gmail.com", "dateofbirth"=>"1994-04-21", "personalemail"=>"sandeepks2255@gmail.com", "image"=>#<ActionDispatch::Http::UploadedFile:0x007f07bc7e8360 @tempfile=#<Tempfile:/tmp/RackMultipart20180103-19550-9c0vli.png>, @original_filename="ruby_PNG47.png", @content_type="image/png", @headers="Content-Disposition: form-data; name=\"employee[image]\"; filename=\"ruby_PNG47.png\"\r\nContent-Type: image/png\r\n">}, "commit"=>"Update", "id"=>"2"}
  [1m[36mEmployee Load (0.2ms)[0m  [1m[34mSELECT  "employees".* FROM "employees" WHERE "employees"."id" = ? LIMIT ?[0m  [["id", 2], ["LIMIT", 1]]
Unpermitted parameters: :id, :designation, :email, :dateofjoin, :username
  [1m[35m (0.1ms)[0m  [1m[36mbegin transaction[0m
  [1m[36mEmployee Exists (0.3ms)[0m  [1m[34mSELECT  1 AS one FROM "employees" WHERE LOWER("employees"."email") = LOWER(?) AND ("employees"."id" != ?) LIMIT ?[0m  [["email", "sandeepks2255@gmail.com"], ["id", 2], ["LIMIT", 1]]
  [1m[36mEmployee Exists (0.2ms)[0m  [1m[34mSELECT  1 AS one FROM "employees" WHERE "employees"."phone" = ? AND ("employees"."id" != ?) LIMIT ?[0m  [["phone", "9074300000"], ["id", 2], ["LIMIT", 1]]
  [1m[36mEmployee Load (0.3ms)[0m  [1m[34mSELECT  "employees".* FROM "employees" WHERE "employees"."id" = ? LIMIT ?[0m  [["id", 2], ["LIMIT", 1]]
  [1m[35mSQL (0.4ms)[0m  [1m[33mUPDATE "employees" SET "dateofbirth" = ?, "personalemail" = ?, "image" = ?, "updated_at" = ? WHERE "employees"."id" = ?[0m  [["dateofbirth", "1994-04-21"], ["personalemail", "sandeepks2255@gmail.com"], ["image", "ruby_PNG47.png"], ["updated_at", "2018-01-03 06:48:23.115858"], ["id", 2]]
  [1m[35m (85.0ms)[0m  [1m[36mcommit transaction[0m
Redirected to http://localhost:3000/home
Completed 302 Found in 608ms (ActiveRecord: 86.4ms)


Started GET "/home" for 127.0.0.1 at 2018-01-03 12:18:23 +0530
Processing by EmployeesController#home as HTML
  [1m[36mEmployee Load (0.2ms)[0m  [1m[34mSELECT  "employees".* FROM "employees" WHERE "employees"."id" = ? LIMIT ?[0m  [["id", 2], ["LIMIT", 1]]
  Rendering employees/home.html.erb within layouts/application
  Rendered employees/home.html.erb within layouts/application (0.7ms)
  Rendered layouts/_shim.html.erb (0.4ms)
  Rendered layouts/_header.html.erb (1.5ms)
Completed 200 OK in 51ms (Views: 48.2ms | ActiveRecord: 0.2ms)


Started GET "/employees/2/edit" for 127.0.0.1 at 2018-01-03 12:18:25 +0530
Processing by EmployeesController#edit as HTML
  Parameters: {"id"=>"2"}
  [1m[36mEmployee Load (0.2ms)[0m  [1m[34mSELECT  "employees".* FROM "employees" WHERE "employees"."id" = ? LIMIT ?[0m  [["id", 2], ["LIMIT", 1]]
  Rendering employees/edit.html.erb within layouts/application
  Rendered employees/edit.html.erb within layouts/application (6.7ms)
  Rendered layouts/_shim.html.erb (0.4ms)
  Rendered layouts/_header.html.erb (1.7ms)
Completed 200 OK in 66ms (Views: 62.7ms | ActiveRecord: 0.2ms)


Started GET "/home" for 127.0.0.1 at 2018-01-03 12:18:26 +0530
Processing by EmployeesController#home as HTML
  [1m[36mEmployee Load (0.2ms)[0m  [1m[34mSELECT  "employees".* FROM "employees" WHERE "employees"."id" = ? LIMIT ?[0m  [["id", 2], ["LIMIT", 1]]
  Rendering employees/home.html.erb within layouts/application
  Rendered employees/home.html.erb within layouts/application (0.8ms)
  Rendered layouts/_shim.html.erb (0.4ms)
  Rendered layouts/_header.html.erb (1.2ms)
Completed 200 OK in 66ms (Views: 64.1ms | ActiveRecord: 0.2ms)


Started GET "/employees/2/edit" for 127.0.0.1 at 2018-01-03 12:18:27 +0530
Processing by EmployeesController#edit as HTML
  Parameters: {"id"=>"2"}
  [1m[36mEmployee Load (0.3ms)[0m  [1m[34mSELECT  "employees".* FROM "employees" WHERE "employees"."id" = ? LIMIT ?[0m  [["id", 2], ["LIMIT", 1]]
  Rendering employees/edit.html.erb within layouts/application
  Rendered employees/edit.html.erb within layouts/application (7.2ms)
  Rendered layouts/_shim.html.erb (0.4ms)
  Rendered layouts/_header.html.erb (1.4ms)
Completed 200 OK in 76ms (Views: 72.5ms | ActiveRecord: 0.3ms)


Started DELETE "/logout" for 127.0.0.1 at 2018-01-03 12:18:28 +0530
Processing by SessionsController#destroy as HTML
  Parameters: {"authenticity_token"=>"TFcf1vgBSrqIGyBIBlV7hJuib4anKw+bCXvwt59q52ocXoY/BS2JZ87YTz/4SLJ6CuA1LvSZg5FrfwB71oRvjA=="}
  [1m[36mEmployee Load (0.3ms)[0m  [1m[34mSELECT  "employees".* FROM "employees" WHERE "employees"."id" = ? LIMIT ?[0m  [["id", 2], ["LIMIT", 1]]
Redirected to http://localhost:3000/login
Completed 302 Found in 3ms (ActiveRecord: 0.3ms)


Started GET "/login" for 127.0.0.1 at 2018-01-03 12:18:28 +0530
Processing by SessionsController#new as HTML
  Rendering sessions/new.html.erb within layouts/application
  Rendered sessions/new.html.erb within layouts/application (2.4ms)
  Rendered layouts/_shim.html.erb (0.5ms)
  Rendered layouts/_header.html.erb (1.1ms)
Completed 200 OK in 58ms (Views: 56.8ms | ActiveRecord: 0.0ms)


Started GET "/adminlogin" for 127.0.0.1 at 2018-01-03 12:36:40 +0530
Processing by AdminsessionController#new as HTML
  Rendering adminsession/new.html.erb within layouts/application
  Rendered adminsession/new.html.erb within layouts/application (2.9ms)
  Rendered layouts/_shim.html.erb (0.4ms)
  Rendered layouts/_header.html.erb (1.1ms)
Completed 200 OK in 62ms (Views: 60.8ms | ActiveRecord: 0.0ms)


Started POST "/adminlogin" for 127.0.0.1 at 2018-01-03 12:36:55 +0530
Processing by AdminsessionController#create as HTML
  Parameters: {"utf8"=>"✓", "authenticity_token"=>"C9rsS90ahyGVUM8V1gDbWKc7Kr9SZB92BL6u5ZjRGQxb03WiIDZE/NOToGIoHRKmNnlwFwHWk3xmul4p0T+R6g==", "session"=>{"email"=>"lvaguez@gmail.com", "password"=>"[FILTERED]"}, "commit"=>"Log in"}
  [1m[36mEmployee Load (0.2ms)[0m  [1m[34mSELECT  "employees".* FROM "employees" WHERE "employees"."email" = ? LIMIT ?[0m  [["email", "lvaguez@gmail.com"], ["LIMIT", 1]]
Redirected to http://localhost:3000/adminhome
Completed 302 Found in 103ms (ActiveRecord: 0.2ms)


Started GET "/adminhome" for 127.0.0.1 at 2018-01-03 12:36:55 +0530
Processing by AdminController#home as HTML
  [1m[36mEmployee Load (0.1ms)[0m  [1m[34mSELECT  "employees".* FROM "employees" WHERE "employees"."id" = ? LIMIT ?[0m  [["id", 1], ["LIMIT", 1]]
  Rendering admin/home.html.erb within layouts/application
  Rendered admin/home.html.erb within layouts/application (0.6ms)
  Rendered layouts/_shim.html.erb (0.5ms)
  Rendered layouts/_header.html.erb (1.1ms)
Completed 200 OK in 56ms (Views: 53.9ms | ActiveRecord: 0.1ms)


Started GET "/adminemployee" for 127.0.0.1 at 2018-01-03 12:37:03 +0530
Processing by AdminController#index as HTML
  Rendering admin/index.html.erb within layouts/application
  [1m[36mEmployee Load (0.2ms)[0m  [1m[34mSELECT  "employees".* FROM "employees" WHERE "employees"."id" = ? LIMIT ?[0m  [["id", 1], ["LIMIT", 1]]
  [1m[36mEmployee Load (0.5ms)[0m  [1m[34mSELECT  "employees".* FROM "employees" ORDER BY created_at DESC LIMIT ? OFFSET ?[0m  [["LIMIT", 10], ["OFFSET", 0]]
  Rendered admin/index.html.erb within layouts/application (7.2ms)
  Rendered layouts/_shim.html.erb (0.4ms)
  Rendered layouts/_header.html.erb (1.1ms)
Completed 200 OK in 68ms (Views: 65.6ms | ActiveRecord: 0.7ms)


Started GET "/adminemployee" for 127.0.0.1 at 2018-01-03 12:37:05 +0530
Processing by AdminController#index as HTML
  Rendering admin/index.html.erb within layouts/application
  [1m[36mEmployee Load (0.3ms)[0m  [1m[34mSELECT  "employees".* FROM "employees" WHERE "employees"."id" = ? LIMIT ?[0m  [["id", 1], ["LIMIT", 1]]
  [1m[36mEmployee Load (0.4ms)[0m  [1m[34mSELECT  "employees".* FROM "employees" ORDER BY created_at DESC LIMIT ? OFFSET ?[0m  [["LIMIT", 10], ["OFFSET", 0]]
  Rendered admin/index.html.erb within layouts/application (4.7ms)
  Rendered layouts/_shim.html.erb (1.3ms)
  Rendered layouts/_header.html.erb (1.1ms)
Completed 200 OK in 65ms (Views: 62.4ms | ActiveRecord: 0.7ms)


Started GET "/adminemployee" for 127.0.0.1 at 2018-01-03 12:37:07 +0530
Processing by AdminController#index as HTML
  Rendering admin/index.html.erb within layouts/application
  [1m[36mEmployee Load (0.4ms)[0m  [1m[34mSELECT  "employees".* FROM "employees" WHERE "employees"."id" = ? LIMIT ?[0m  [["id", 1], ["LIMIT", 1]]
  [1m[36mEmployee Load (0.5ms)[0m  [1m[34mSELECT  "employees".* FROM "employees" ORDER BY created_at DESC LIMIT ? OFFSET ?[0m  [["LIMIT", 10], ["OFFSET", 0]]
  Rendered admin/index.html.erb within layouts/application (8.9ms)
  Rendered layouts/_shim.html.erb (0.7ms)
  Rendered layouts/_header.html.erb (1.1ms)
Completed 200 OK in 73ms (Views: 70.3ms | ActiveRecord: 0.8ms)


Started GET "/adminhome" for 127.0.0.1 at 2018-01-03 12:37:10 +0530
Processing by AdminController#home as HTML
  [1m[36mEmployee Load (0.4ms)[0m  [1m[34mSELECT  "employees".* FROM "employees" WHERE "employees"."id" = ? LIMIT ?[0m  [["id", 1], ["LIMIT", 1]]
  Rendering admin/home.html.erb within layouts/application
  Rendered admin/home.html.erb within layouts/application (0.7ms)
  Rendered layouts/_shim.html.erb (0.6ms)
  Rendered layouts/_header.html.erb (2.0ms)
Completed 200 OK in 71ms (Views: 67.9ms | ActiveRecord: 0.4ms)


Started GET "/adminemployee" for 127.0.0.1 at 2018-01-03 12:37:11 +0530
Processing by AdminController#index as HTML
  Rendering admin/index.html.erb within layouts/application
  [1m[36mEmployee Load (0.4ms)[0m  [1m[34mSELECT  "employees".* FROM "employees" WHERE "employees"."id" = ? LIMIT ?[0m  [["id", 1], ["LIMIT", 1]]
  [1m[36mEmployee Load (0.5ms)[0m  [1m[34mSELECT  "employees".* FROM "employees" ORDER BY created_at DESC LIMIT ? OFFSET ?[0m  [["LIMIT", 10], ["OFFSET", 0]]
  Rendered admin/index.html.erb within layouts/application (7.9ms)
  Rendered layouts/_shim.html.erb (0.4ms)
  Rendered layouts/_header.html.erb (1.0ms)
Completed 200 OK in 77ms (Views: 74.3ms | ActiveRecord: 0.8ms)


Started GET "/adminemployee" for 127.0.0.1 at 2018-01-03 12:37:12 +0530
Processing by AdminController#index as HTML
  Rendering admin/index.html.erb within layouts/application
  [1m[36mEmployee Load (0.3ms)[0m  [1m[34mSELECT  "employees".* FROM "employees" WHERE "employees"."id" = ? LIMIT ?[0m  [["id", 1], ["LIMIT", 1]]
  [1m[36mEmployee Load (0.4ms)[0m  [1m[34mSELECT  "employees".* FROM "employees" ORDER BY created_at DESC LIMIT ? OFFSET ?[0m  [["LIMIT", 10], ["OFFSET", 0]]
  Rendered admin/index.html.erb within layouts/application (5.9ms)
  Rendered layouts/_shim.html.erb (0.4ms)
  Rendered layouts/_header.html.erb (1.1ms)
Completed 200 OK in 74ms (Views: 71.2ms | ActiveRecord: 0.6ms)


Started GET "/adminemployee" for 127.0.0.1 at 2018-01-03 12:37:13 +0530
Processing by AdminController#index as HTML
  Rendering admin/index.html.erb within layouts/application
  [1m[36mEmployee Load (0.3ms)[0m  [1m[34mSELECT  "employees".* FROM "employees" WHERE "employees"."id" = ? LIMIT ?[0m  [["id", 1], ["LIMIT", 1]]
  [1m[36mEmployee Load (0.5ms)[0m  [1m[34mSELECT  "employees".* FROM "employees" ORDER BY created_at DESC LIMIT ? OFFSET ?[0m  [["LIMIT", 10], ["OFFSET", 0]]
  Rendered admin/index.html.erb within layouts/application (6.0ms)
  Rendered layouts/_shim.html.erb (0.3ms)
  Rendered layouts/_header.html.erb (1.0ms)
Completed 200 OK in 73ms (Views: 70.5ms | ActiveRecord: 0.8ms)


Started DELETE "/adminlogout" for 127.0.0.1 at 2018-01-03 12:37:14 +0530
Processing by AdminsessionController#destroy as HTML
  Parameters: {"authenticity_token"=>"SYiD7spl6JSxE91o26s6SLdUlBxluNF3gtpwL4VAPhkZgRoHN0krSffQsh8ltvO2JhbOtDYKXX3g3oDjzK62/w=="}
  [1m[36mEmployee Load (0.2ms)[0m  [1m[34mSELECT  "employees".* FROM "employees" WHERE "employees"."id" = ? LIMIT ?[0m  [["id", 1], ["LIMIT", 1]]
Redirected to http://localhost:3000/adminlogin
Completed 302 Found in 2ms (ActiveRecord: 0.2ms)


Started GET "/adminlogin" for 127.0.0.1 at 2018-01-03 12:37:14 +0530
Processing by AdminsessionController#new as HTML
  Rendering adminsession/new.html.erb within layouts/application
  Rendered adminsession/new.html.erb within layouts/application (2.7ms)
  Rendered layouts/_shim.html.erb (0.5ms)
  Rendered layouts/_header.html.erb (1.0ms)
Completed 200 OK in 58ms (Views: 56.8ms | ActiveRecord: 0.0ms)


Started POST "/adminlogin" for 127.0.0.1 at 2018-01-03 12:41:59 +0530
Processing by AdminsessionController#create as HTML
  Parameters: {"utf8"=>"✓", "authenticity_token"=>"aCimMx6dJcmsOsmt7YgWjjmUjWpsgo1XVXX/Piq9LJ44IT/a47HmFOr5ptoTld9wqNbXwj8wAV03cQ/yY1OkeA==", "session"=>{"email"=>"lvaguez@gmail.com", "password"=>"[FILTERED]"}, "commit"=>"Log in"}
  [1m[36mEmployee Load (0.4ms)[0m  [1m[34mSELECT  "employees".* FROM "employees" WHERE "employees"."email" = ? LIMIT ?[0m  [["email", "lvaguez@gmail.com"], ["LIMIT", 1]]
Redirected to http://localhost:3000/adminhome
Completed 302 Found in 101ms (ActiveRecord: 0.4ms)


Started GET "/adminhome" for 127.0.0.1 at 2018-01-03 12:41:59 +0530
Processing by AdminController#home as HTML
  [1m[36mEmployee Load (0.4ms)[0m  [1m[34mSELECT  "employees".* FROM "employees" WHERE "employees"."id" = ? LIMIT ?[0m  [["id", 1], ["LIMIT", 1]]
  Rendering admin/home.html.erb within layouts/application
  Rendered admin/home.html.erb within layouts/application (0.7ms)
  Rendered layouts/_shim.html.erb (0.6ms)
  Rendered layouts/_header.html.erb (1.7ms)
Completed 200 OK in 73ms (Views: 70.1ms | ActiveRecord: 0.4ms)


Started GET "/adminproject" for 127.0.0.1 at 2018-01-03 12:42:01 +0530
Processing by AdminController#projects as HTML
  [1m[36mEmployee Load (0.4ms)[0m  [1m[34mSELECT  "employees".* FROM "employees" WHERE "employees"."id" = ? LIMIT ?[0m  [["id", 1], ["LIMIT", 1]]
  Rendering admin/projects.html.erb within layouts/application
  Rendered admin/projects.html.erb within layouts/application (0.7ms)
  Rendered layouts/_shim.html.erb (0.4ms)
  Rendered layouts/_header.html.erb (1.2ms)
Completed 200 OK in 62ms (Views: 58.6ms | ActiveRecord: 0.4ms)


Started GET "/" for 127.0.0.1 at 2018-01-03 14:25:14 +0530
Processing by SessionsController#new as HTML
  Rendering sessions/new.html.erb within layouts/application
  Rendered sessions/new.html.erb within layouts/application (4.1ms)
  Rendered layouts/_shim.html.erb (0.4ms)
  Rendered layouts/_header.html.erb (1.0ms)
Completed 200 OK in 61ms (Views: 59.1ms | ActiveRecord: 0.0ms)


Started GET "/adminlogin" for 127.0.0.1 at 2018-01-03 14:25:24 +0530
Processing by AdminsessionController#new as HTML
  Rendering adminsession/new.html.erb within layouts/application
  Rendered adminsession/new.html.erb within layouts/application (2.1ms)
  Rendered layouts/_shim.html.erb (0.4ms)
  Rendered layouts/_header.html.erb (0.9ms)
Completed 200 OK in 60ms (Views: 57.4ms | ActiveRecord: 0.0ms)


Started POST "/adminlogin" for 127.0.0.1 at 2018-01-03 14:25:30 +0530
Processing by AdminsessionController#create as HTML
  Parameters: {"utf8"=>"✓", "authenticity_token"=>"N5Oj0eo6iJU13E5VfvasexGAfslyzlOR35cOQ2jBZgmVpnwPyCzqDVz6ybHA45GFZ39J2gd0hoS8ScsNNV2fMQ==", "session"=>{"email"=>"lvaguez@gmail.com", "password"=>"[FILTERED]"}, "commit"=>"Log in"}
  [1m[36mEmployee Load (0.4ms)[0m  [1m[34mSELECT  "employees".* FROM "employees" WHERE "employees"."email" = ? LIMIT ?[0m  [["email", "lvaguez@gmail.com"], ["LIMIT", 1]]
Redirected to http://localhost:3000/adminhome
Completed 302 Found in 102ms (ActiveRecord: 0.4ms)


Started GET "/adminhome" for 127.0.0.1 at 2018-01-03 14:25:30 +0530
Processing by AdminController#home as HTML
  [1m[36mEmployee Load (0.3ms)[0m  [1m[34mSELECT  "employees".* FROM "employees" WHERE "employees"."id" = ? LIMIT ?[0m  [["id", 1], ["LIMIT", 1]]
  Rendering admin/home.html.erb within layouts/application
  Rendered admin/home.html.erb within layouts/application (0.7ms)
  Rendered layouts/_shim.html.erb (0.3ms)
  Rendered layouts/_header.html.erb (1.7ms)
Completed 200 OK in 55ms (Views: 52.4ms | ActiveRecord: 0.3ms)


Started GET "/adminemployee" for 127.0.0.1 at 2018-01-03 14:25:33 +0530
Processing by AdminController#index as HTML
  Rendering admin/index.html.erb within layouts/application
  [1m[36mEmployee Load (0.4ms)[0m  [1m[34mSELECT  "employees".* FROM "employees" WHERE "employees"."id" = ? LIMIT ?[0m  [["id", 1], ["LIMIT", 1]]
  [1m[36mEmployee Load (0.5ms)[0m  [1m[34mSELECT  "employees".* FROM "employees" ORDER BY created_at DESC LIMIT ? OFFSET ?[0m  [["LIMIT", 10], ["OFFSET", 0]]
  Rendered admin/index.html.erb within layouts/application (8.2ms)
  Rendered layouts/_shim.html.erb (0.6ms)
  Rendered layouts/_header.html.erb (1.6ms)
Completed 200 OK in 72ms (Views: 69.6ms | ActiveRecord: 0.9ms)


Started POST "/showemployee?id=1" for 127.0.0.1 at 2018-01-03 14:25:35 +0530
Processing by AdminController#show as HTML
  Parameters: {"authenticity_token"=>"ehUuqROp29MXAMtBdIVp9cgO1vdjlWs0Z/CId0XwEtnYIPF3Mb+5S34mTKXKkFQLvvHh5BYvviEELk05GGzr4Q==", "id"=>"1"}
  [1m[36mEmployee Load (0.3ms)[0m  [1m[34mSELECT  "employees".* FROM "employees" WHERE "employees"."id" = ? LIMIT ?[0m  [["id", 1], ["LIMIT", 1]]
  [1m[36mEmployee Load (0.3ms)[0m  [1m[34mSELECT  "employees".* FROM "employees" WHERE "employees"."id" = ? LIMIT ?[0m  [["id", 1], ["LIMIT", 1]]
  Rendering admin/show.html.erb within layouts/application
  Rendered admin/show.html.erb within layouts/application (1.4ms)
  Rendered layouts/_shim.html.erb (0.4ms)
  Rendered layouts/_header.html.erb (1.1ms)
Completed 200 OK in 57ms (Views: 52.8ms | ActiveRecord: 0.6ms)


Started POST "/showemployee?id=2" for 127.0.0.1 at 2018-01-03 14:25:39 +0530
Processing by AdminController#show as HTML
  Parameters: {"authenticity_token"=>"ehUuqROp29MXAMtBdIVp9cgO1vdjlWs0Z/CId0XwEtnYIPF3Mb+5S34mTKXKkFQLvvHh5BYvviEELk05GGzr4Q==", "id"=>"2"}
  [1m[36mEmployee Load (0.3ms)[0m  [1m[34mSELECT  "employees".* FROM "employees" WHERE "employees"."id" = ? LIMIT ?[0m  [["id", 1], ["LIMIT", 1]]
  [1m[36mEmployee Load (0.3ms)[0m  [1m[34mSELECT  "employees".* FROM "employees" WHERE "employees"."id" = ? LIMIT ?[0m  [["id", 2], ["LIMIT", 1]]
  Rendering admin/show.html.erb within layouts/application
  Rendered admin/show.html.erb within layouts/application (1.8ms)
  Rendered layouts/_shim.html.erb (0.4ms)
  Rendered layouts/_header.html.erb (1.2ms)
Completed 200 OK in 67ms (Views: 63.9ms | ActiveRecord: 0.5ms)


Started GET "/adminproject" for 127.0.0.1 at 2018-01-03 14:25:57 +0530
Processing by AdminController#projects as HTML
  [1m[36mEmployee Load (0.4ms)[0m  [1m[34mSELECT  "employees".* FROM "employees" WHERE "employees"."id" = ? LIMIT ?[0m  [["id", 1], ["LIMIT", 1]]
  Rendering admin/projects.html.erb within layouts/application
  Rendered admin/projects.html.erb within layouts/application (0.7ms)
  Rendered layouts/_shim.html.erb (0.3ms)
  Rendered layouts/_header.html.erb (1.1ms)
Completed 200 OK in 59ms (Views: 55.4ms | ActiveRecord: 0.4ms)


Started GET "/adminemployee" for 127.0.0.1 at 2018-01-03 14:25:59 +0530
Processing by AdminController#index as HTML
  Rendering admin/index.html.erb within layouts/application
  [1m[36mEmployee Load (0.2ms)[0m  [1m[34mSELECT  "employees".* FROM "employees" WHERE "employees"."id" = ? LIMIT ?[0m  [["id", 1], ["LIMIT", 1]]
  [1m[36mEmployee Load (0.6ms)[0m  [1m[34mSELECT  "employees".* FROM "employees" ORDER BY created_at DESC LIMIT ? OFFSET ?[0m  [["LIMIT", 10], ["OFFSET", 0]]
  Rendered admin/index.html.erb within layouts/application (6.2ms)
  Rendered layouts/_shim.html.erb (0.3ms)
  Rendered layouts/_header.html.erb (1.1ms)
Completed 200 OK in 76ms (Views: 73.4ms | ActiveRecord: 0.8ms)


Started DELETE "/adminlogout" for 127.0.0.1 at 2018-01-03 14:36:35 +0530
Processing by AdminsessionController#destroy as HTML
  Parameters: {"authenticity_token"=>"lgvFVtnX7HAS0/m7WvjbwH+JGf5vV8xufAhH7K1AFtE0PhqI+8GO6Hv1fl/k7eY+CXYu7RrtGXsf1oKi8Nzv6Q=="}
  [1m[36mEmployee Load (1.2ms)[0m  [1m[34mSELECT  "employees".* FROM "employees" WHERE "employees"."id" = ? LIMIT ?[0m  [["id", 1], ["LIMIT", 1]]
Redirected to http://localhost:3000/adminlogin
Completed 302 Found in 5ms (ActiveRecord: 1.2ms)


Started GET "/adminlogin" for 127.0.0.1 at 2018-01-03 14:36:35 +0530
Processing by AdminsessionController#new as HTML
  Rendering adminsession/new.html.erb within layouts/application
  Rendered adminsession/new.html.erb within layouts/application (1.7ms)
  Rendered layouts/_shim.html.erb (1.4ms)
  Rendered layouts/_header.html.erb (3.2ms)
Completed 200 OK in 87ms (Views: 85.1ms | ActiveRecord: 0.0ms)


Started POST "/adminlogin" for 127.0.0.1 at 2018-01-03 14:49:28 +0530
Processing by AdminsessionController#create as HTML
  Parameters: {"utf8"=>"✓", "authenticity_token"=>"jSL9oCI+GuoOMa0SeoK1Bp+l4IfqFyZG1yCUZwOtw2UvFyJ+ACh4cmcXKvbEl4j46VrXlJ+t81O0/lEpXjE6XQ==", "session"=>{"email"=>"lvaguez@gmail.com", "password"=>"[FILTERED]"}, "commit"=>"Log in"}
  [1m[36mEmployee Load (0.3ms)[0m  [1m[34mSELECT  "employees".* FROM "employees" WHERE "employees"."email" = ? LIMIT ?[0m  [["email", "lvaguez@gmail.com"], ["LIMIT", 1]]
Redirected to http://localhost:3000/adminhome
Completed 302 Found in 101ms (ActiveRecord: 0.3ms)


Started GET "/adminhome" for 127.0.0.1 at 2018-01-03 14:49:28 +0530
Processing by AdminController#home as HTML
  [1m[36mEmployee Load (0.3ms)[0m  [1m[34mSELECT  "employees".* FROM "employees" WHERE "employees"."id" = ? LIMIT ?[0m  [["id", 1], ["LIMIT", 1]]
  Rendering admin/home.html.erb within layouts/application
  Rendered admin/home.html.erb within layouts/application (0.6ms)
  Rendered layouts/_shim.html.erb (0.4ms)
  Rendered layouts/_header.html.erb (1.8ms)
Completed 200 OK in 62ms (Views: 59.3ms | ActiveRecord: 0.3ms)


Started GET "/adminemployee" for 127.0.0.1 at 2018-01-03 14:49:31 +0530
Processing by AdminController#index as HTML
  Rendering admin/index.html.erb within layouts/application
  [1m[36mEmployee Load (0.4ms)[0m  [1m[34mSELECT  "employees".* FROM "employees" WHERE "employees"."id" = ? LIMIT ?[0m  [["id", 1], ["LIMIT", 1]]
  [1m[36mEmployee Load (0.4ms)[0m  [1m[34mSELECT  "employees".* FROM "employees" ORDER BY created_at DESC LIMIT ? OFFSET ?[0m  [["LIMIT", 10], ["OFFSET", 0]]
  Rendered admin/index.html.erb within layouts/application (5.7ms)
  Rendered layouts/_shim.html.erb (0.4ms)
  Rendered layouts/_header.html.erb (1.1ms)
Completed 200 OK in 71ms (Views: 67.8ms | ActiveRecord: 0.8ms)


Started GET "/addemployee" for 127.0.0.1 at 2018-01-03 14:49:33 +0530
Processing by AdminController#addemployee as HTML
  [1m[36mEmployee Load (0.3ms)[0m  [1m[34mSELECT  "employees".* FROM "employees" WHERE "employees"."id" = ? LIMIT ?[0m  [["id", 1], ["LIMIT", 1]]
  Rendering admin/addemployee.html.erb within layouts/application
  Rendered shared/_error_messages.html.erb (1.0ms)
  Rendered admin/addemployee.html.erb within layouts/application (9.9ms)
  Rendered layouts/_shim.html.erb (0.3ms)
  Rendered layouts/_header.html.erb (1.1ms)
Completed 200 OK in 85ms (Views: 82.2ms | ActiveRecord: 0.3ms)


Started POST "/addemployee" for 127.0.0.1 at 2018-01-03 14:50:44 +0530
Processing by AdminController#create as HTML
  Parameters: {"utf8"=>"✓", "authenticity_token"=>"KwxX02oHHQyx6H4kuiQrnZQcZhMo4kWAc5QKbIqD3ul0aMVtQe/tTqRH+CAavl+7+IWxdANhXcBOFBaUbm1euw==", "employee"=>{"name"=>"Pooja Thomas", "designation"=>"Front End", "email"=>"pooja92@gmail.com", "phone"=>"8080808080", "gender"=>"2", "dateofjoin"=>"2017-12-30", "address"=>"Pooja's house, some lane, some town, some sity", "active"=>"1", "username"=>"pooja92@gmail.com", "password"=>"[FILTERED]", "password_confirmation"=>"[FILTERED]"}, "commit"=>"Add Employee"}
  [1m[35m (0.1ms)[0m  [1m[36mbegin transaction[0m
  [1m[36mEmployee Exists (0.2ms)[0m  [1m[34mSELECT  1 AS one FROM "employees" WHERE LOWER("employees"."email") = LOWER(?) LIMIT ?[0m  [["email", "pooja92@gmail.com"], ["LIMIT", 1]]
  [1m[36mEmployee Exists (0.3ms)[0m  [1m[34mSELECT  1 AS one FROM "employees" WHERE "employees"."phone" = ? LIMIT ?[0m  [["phone", "8080808080"], ["LIMIT", 1]]
  [1m[35mSQL (1.2ms)[0m  [1m[32mINSERT INTO "employees" ("name", "email", "created_at", "updated_at", "password_digest", "designation", "dateofjoin", "gender", "address", "phone", "active", "username") VALUES (?, ?, ?, ?, ?, ?, ?, ?, ?, ?, ?, ?)[0m  [["name", "Pooja Thomas"], ["email", "pooja92@gmail.com"], ["created_at", "2018-01-03 09:20:44.738922"], ["updated_at", "2018-01-03 09:20:44.738922"], ["password_digest", "$2a$10$C1x6EW6szVoFHOWyFm0q8u7RdHipCEUx9mQLNhgF0cQu03C57d382"], ["designation", "Front End"], ["dateofjoin", "2017-12-30"], ["gender", "2"], ["address", "Pooja's house, some lane, some town, some sity"], ["phone", "8080808080"], ["active", "t"], ["username", "pooja92@gmail.com"]]
  [1m[35m (105.9ms)[0m  [1m[36mcommit transaction[0m
Redirected to http://localhost:3000/adminemployee
Completed 302 Found in 215ms (ActiveRecord: 107.7ms)


Started GET "/adminemployee" for 127.0.0.1 at 2018-01-03 14:50:44 +0530
Processing by AdminController#index as HTML
  Rendering admin/index.html.erb within layouts/application
  [1m[36mEmployee Load (0.2ms)[0m  [1m[34mSELECT  "employees".* FROM "employees" WHERE "employees"."id" = ? LIMIT ?[0m  [["id", 3], ["LIMIT", 1]]
  [1m[36mEmployee Load (0.3ms)[0m  [1m[34mSELECT  "employees".* FROM "employees" ORDER BY created_at DESC LIMIT ? OFFSET ?[0m  [["LIMIT", 10], ["OFFSET", 0]]
  Rendered admin/index.html.erb within layouts/application (5.5ms)
  Rendered layouts/_shim.html.erb (0.4ms)
  Rendered layouts/_header.html.erb (1.1ms)
Completed 200 OK in 69ms (Views: 67.3ms | ActiveRecord: 0.5ms)


Started GET "/adminemployee" for 127.0.0.1 at 2018-01-03 14:52:10 +0530
Processing by AdminController#index as HTML
  Rendering admin/index.html.erb within layouts/application
  [1m[36mEmployee Load (0.3ms)[0m  [1m[34mSELECT  "employees".* FROM "employees" WHERE "employees"."id" = ? LIMIT ?[0m  [["id", 3], ["LIMIT", 1]]
  [1m[36mEmployee Load (0.4ms)[0m  [1m[34mSELECT  "employees".* FROM "employees" ORDER BY created_at DESC LIMIT ? OFFSET ?[0m  [["LIMIT", 2], ["OFFSET", 0]]
  [1m[35m (0.2ms)[0m  [1m[34mSELECT COUNT(*) FROM "employees"[0m
  Rendered admin/index.html.erb within layouts/application (28.8ms)
  Rendered layouts/_shim.html.erb (0.4ms)
  Rendered layouts/_header.html.erb (1.3ms)
Completed 200 OK in 98ms (Views: 89.2ms | ActiveRecord: 2.1ms)


Started GET "/adminemployee?page=2" for 127.0.0.1 at 2018-01-03 14:52:13 +0530
Processing by AdminController#index as HTML
  Parameters: {"page"=>"2"}
  Rendering admin/index.html.erb within layouts/application
  [1m[36mEmployee Load (0.3ms)[0m  [1m[34mSELECT  "employees".* FROM "employees" WHERE "employees"."id" = ? LIMIT ?[0m  [["id", 3], ["LIMIT", 1]]
  [1m[36mEmployee Load (0.6ms)[0m  [1m[34mSELECT  "employees".* FROM "employees" ORDER BY created_at DESC LIMIT ? OFFSET ?[0m  [["LIMIT", 2], ["OFFSET", 2]]
  Rendered admin/index.html.erb within layouts/application (8.4ms)
  Rendered layouts/_shim.html.erb (0.5ms)
  Rendered layouts/_header.html.erb (1.4ms)
Completed 200 OK in 73ms (Views: 69.2ms | ActiveRecord: 1.0ms)


Started GET "/adminemployee?page=1" for 127.0.0.1 at 2018-01-03 14:52:15 +0530
Processing by AdminController#index as HTML
  Parameters: {"page"=>"1"}
  Rendering admin/index.html.erb within layouts/application
  [1m[36mEmployee Load (0.5ms)[0m  [1m[34mSELECT  "employees".* FROM "employees" WHERE "employees"."id" = ? LIMIT ?[0m  [["id", 3], ["LIMIT", 1]]
  [1m[36mEmployee Load (0.4ms)[0m  [1m[34mSELECT  "employees".* FROM "employees" ORDER BY created_at DESC LIMIT ? OFFSET ?[0m  [["LIMIT", 2], ["OFFSET", 0]]
  [1m[35m (0.4ms)[0m  [1m[34mSELECT COUNT(*) FROM "employees"[0m
  Rendered admin/index.html.erb within layouts/application (12.8ms)
  Rendered layouts/_shim.html.erb (0.4ms)
  Rendered layouts/_header.html.erb (1.7ms)
Completed 200 OK in 84ms (Views: 80.1ms | ActiveRecord: 1.3ms)


Started GET "/adminemployee?page=1" for 127.0.0.1 at 2018-01-03 15:36:02 +0530
Processing by AdminController#index as HTML
  Parameters: {"page"=>"1"}
  Rendering admin/index.html.erb within layouts/application
  [1m[36mEmployee Load (0.2ms)[0m  [1m[34mSELECT  "employees".* FROM "employees" WHERE "employees"."id" = ? LIMIT ?[0m  [["id", 3], ["LIMIT", 1]]
  [1m[36mEmployee Load (0.3ms)[0m  [1m[34mSELECT  "employees".* FROM "employees" ORDER BY created_at DESC LIMIT ? OFFSET ?[0m  [["LIMIT", 20], ["OFFSET", 0]]
  Rendered admin/index.html.erb within layouts/application (26.1ms)
  Rendered layouts/_shim.html.erb (1.1ms)
  Rendered layouts/_header.html.erb (1.4ms)
Completed 200 OK in 95ms (Views: 86.5ms | ActiveRecord: 1.9ms)


Started GET "/adminemployee?page=1" for 127.0.0.1 at 2018-01-03 15:36:08 +0530
Processing by AdminController#index as HTML
  Parameters: {"page"=>"1"}
  Rendering admin/index.html.erb within layouts/application
  [1m[36mEmployee Load (0.4ms)[0m  [1m[34mSELECT  "employees".* FROM "employees" WHERE "employees"."id" = ? LIMIT ?[0m  [["id", 3], ["LIMIT", 1]]
  [1m[36mEmployee Load (0.5ms)[0m  [1m[34mSELECT  "employees".* FROM "employees" ORDER BY created_at DESC LIMIT ? OFFSET ?[0m  [["LIMIT", 20], ["OFFSET", 0]]
  Rendered admin/index.html.erb within layouts/application (6.8ms)
  Rendered layouts/_shim.html.erb (0.4ms)
  Rendered layouts/_header.html.erb (1.1ms)
Completed 200 OK in 69ms (Views: 66.3ms | ActiveRecord: 0.9ms)


Started GET "/adminemployee?page=1" for 127.0.0.1 at 2018-01-03 15:36:27 +0530
Processing by AdminController#index as HTML
  Parameters: {"page"=>"1"}
  Rendering admin/index.html.erb within layouts/application
  [1m[36mEmployee Load (0.2ms)[0m  [1m[34mSELECT  "employees".* FROM "employees" WHERE "employees"."id" = ? LIMIT ?[0m  [["id", 3], ["LIMIT", 1]]
  [1m[36mEmployee Load (0.3ms)[0m  [1m[34mSELECT  "employees".* FROM "employees" ORDER BY created_at DESC LIMIT ? OFFSET ?[0m  [["LIMIT", 2], ["OFFSET", 0]]
  [1m[35m (0.2ms)[0m  [1m[34mSELECT COUNT(*) FROM "employees"[0m
  Rendered admin/index.html.erb within layouts/application (27.5ms)
  Rendered layouts/_shim.html.erb (0.4ms)
  Rendered layouts/_header.html.erb (1.2ms)
Completed 200 OK in 94ms (Views: 85.8ms | ActiveRecord: 2.0ms)


Started GET "/adminemployee?page=2" for 127.0.0.1 at 2018-01-03 15:36:31 +0530
Processing by AdminController#index as HTML
  Parameters: {"page"=>"2"}
  Rendering admin/index.html.erb within layouts/application
  [1m[36mEmployee Load (0.3ms)[0m  [1m[34mSELECT  "employees".* FROM "employees" WHERE "employees"."id" = ? LIMIT ?[0m  [["id", 3], ["LIMIT", 1]]
  [1m[36mEmployee Load (0.5ms)[0m  [1m[34mSELECT  "employees".* FROM "employees" ORDER BY created_at DESC LIMIT ? OFFSET ?[0m  [["LIMIT", 2], ["OFFSET", 2]]
  Rendered admin/index.html.erb within layouts/application (8.1ms)
  Rendered layouts/_shim.html.erb (0.4ms)
  Rendered layouts/_header.html.erb (1.3ms)
Completed 200 OK in 70ms (Views: 66.6ms | ActiveRecord: 0.8ms)


Started GET "/adminemployee?page=1" for 127.0.0.1 at 2018-01-03 15:36:33 +0530
Processing by AdminController#index as HTML
  Parameters: {"page"=>"1"}
  Rendering admin/index.html.erb within layouts/application
  [1m[36mEmployee Load (0.3ms)[0m  [1m[34mSELECT  "employees".* FROM "employees" WHERE "employees"."id" = ? LIMIT ?[0m  [["id", 3], ["LIMIT", 1]]
  [1m[36mEmployee Load (0.4ms)[0m  [1m[34mSELECT  "employees".* FROM "employees" ORDER BY created_at DESC LIMIT ? OFFSET ?[0m  [["LIMIT", 2], ["OFFSET", 0]]
  [1m[35m (0.2ms)[0m  [1m[34mSELECT COUNT(*) FROM "employees"[0m
  Rendered admin/index.html.erb within layouts/application (8.9ms)
  Rendered layouts/_shim.html.erb (0.4ms)
  Rendered layouts/_header.html.erb (1.2ms)
Completed 200 OK in 77ms (Views: 73.7ms | ActiveRecord: 0.9ms)


Started GET "/adminemployee?page=1" for 127.0.0.1 at 2018-01-03 15:36:53 +0530
Processing by AdminController#index as HTML
  Parameters: {"page"=>"1"}
  Rendering admin/index.html.erb within layouts/application
  [1m[36mEmployee Load (0.5ms)[0m  [1m[34mSELECT  "employees".* FROM "employees" WHERE "employees"."id" = ? LIMIT ?[0m  [["id", 3], ["LIMIT", 1]]
  [1m[36mEmployee Load (0.6ms)[0m  [1m[34mSELECT  "employees".* FROM "employees" ORDER BY created_at DESC LIMIT ? OFFSET ?[0m  [["LIMIT", 2], ["OFFSET", 0]]
  [1m[35m (0.2ms)[0m  [1m[34mSELECT COUNT(*) FROM "employees"[0m
  Rendered admin/index.html.erb within layouts/application (8.8ms)
  Rendered layouts/_shim.html.erb (0.4ms)
  Rendered layouts/_header.html.erb (1.3ms)
Completed 200 OK in 69ms (Views: 65.6ms | ActiveRecord: 1.2ms)


Started GET "/adminemployee?page=1" for 127.0.0.1 at 2018-01-03 15:38:29 +0530
Processing by AdminController#index as HTML
  Parameters: {"page"=>"1"}
  Rendering admin/index.html.erb within layouts/application
  [1m[36mEmployee Load (0.4ms)[0m  [1m[34mSELECT  "employees".* FROM "employees" WHERE "employees"."id" = ? LIMIT ?[0m  [["id", 3], ["LIMIT", 1]]
  [1m[36mEmployee Load (0.4ms)[0m  [1m[34mSELECT  "employees".* FROM "employees" ORDER BY created_at DESC LIMIT ? OFFSET ?[0m  [["LIMIT", 2], ["OFFSET", 0]]
  [1m[35m (0.2ms)[0m  [1m[34mSELECT COUNT(*) FROM "employees"[0m
  Rendered admin/index.html.erb within layouts/application (8.5ms)
  Rendered layouts/_shim.html.erb (0.4ms)
  Rendered layouts/_header.html.erb (1.2ms)
Completed 200 OK in 65ms (Views: 61.7ms | ActiveRecord: 1.1ms)


Started GET "/adminemployee?page=1" for 127.0.0.1 at 2018-01-03 15:39:58 +0530
Processing by AdminController#index as HTML
  Parameters: {"page"=>"1"}
  Rendering admin/index.html.erb within layouts/application
  [1m[36mEmployee Load (0.4ms)[0m  [1m[34mSELECT  "employees".* FROM "employees" WHERE "employees"."id" = ? LIMIT ?[0m  [["id", 3], ["LIMIT", 1]]
  [1m[36mEmployee Load (0.4ms)[0m  [1m[34mSELECT  "employees".* FROM "employees" ORDER BY created_at DESC LIMIT ? OFFSET ?[0m  [["LIMIT", 2], ["OFFSET", 0]]
  [1m[35m (0.2ms)[0m  [1m[34mSELECT COUNT(*) FROM "employees"[0m
  Rendered admin/index.html.erb within layouts/application (9.1ms)
  Rendered layouts/_shim.html.erb (0.4ms)
  Rendered layouts/_header.html.erb (1.1ms)
Completed 200 OK in 73ms (Views: 70.2ms | ActiveRecord: 1.0ms)


Started GET "/adminemployee?page=1" for 127.0.0.1 at 2018-01-03 15:40:52 +0530
Processing by AdminController#index as HTML
  Parameters: {"page"=>"1"}
  Rendering admin/index.html.erb within layouts/application
  [1m[36mEmployee Load (0.3ms)[0m  [1m[34mSELECT  "employees".* FROM "employees" WHERE "employees"."id" = ? LIMIT ?[0m  [["id", 3], ["LIMIT", 1]]
  [1m[36mEmployee Load (0.5ms)[0m  [1m[34mSELECT  "employees".* FROM "employees" ORDER BY created_at DESC LIMIT ? OFFSET ?[0m  [["LIMIT", 2], ["OFFSET", 0]]
  [1m[35m (0.2ms)[0m  [1m[34mSELECT COUNT(*) FROM "employees"[0m
  Rendered admin/index.html.erb within layouts/application (8.3ms)
  Rendered layouts/_shim.html.erb (0.4ms)
  Rendered layouts/_header.html.erb (1.1ms)
Completed 200 OK in 83ms (Views: 79.5ms | ActiveRecord: 0.9ms)


Started GET "/adminhome" for 127.0.0.1 at 2018-01-03 15:40:55 +0530
Processing by AdminController#home as HTML
  [1m[36mEmployee Load (0.4ms)[0m  [1m[34mSELECT  "employees".* FROM "employees" WHERE "employees"."id" = ? LIMIT ?[0m  [["id", 3], ["LIMIT", 1]]
Redirected to http://localhost:3000/
Completed 302 Found in 3ms (ActiveRecord: 0.4ms)


Started GET "/" for 127.0.0.1 at 2018-01-03 15:40:55 +0530
Processing by SessionsController#new as HTML
  Rendering sessions/new.html.erb within layouts/application
  Rendered sessions/new.html.erb within layouts/application (2.5ms)
  Rendered layouts/_shim.html.erb (0.6ms)
  [1m[36mEmployee Load (0.4ms)[0m  [1m[34mSELECT  "employees".* FROM "employees" WHERE "employees"."id" = ? LIMIT ?[0m  [["id", 3], ["LIMIT", 1]]
  Rendered layouts/_header.html.erb (2.7ms)
Completed 200 OK in 64ms (Views: 61.7ms | ActiveRecord: 0.4ms)


Started GET "/home" for 127.0.0.1 at 2018-01-03 15:40:57 +0530
Processing by EmployeesController#home as HTML
  [1m[36mEmployee Load (0.5ms)[0m  [1m[34mSELECT  "employees".* FROM "employees" WHERE "employees"."id" = ? LIMIT ?[0m  [["id", 3], ["LIMIT", 1]]
  Rendering employees/home.html.erb within layouts/application
  Rendered employees/home.html.erb within layouts/application (0.9ms)
  Rendered layouts/_shim.html.erb (0.4ms)
  Rendered layouts/_header.html.erb (1.3ms)
Completed 200 OK in 66ms (Views: 61.7ms | ActiveRecord: 0.5ms)


Started DELETE "/logout" for 127.0.0.1 at 2018-01-03 15:40:59 +0530
Processing by SessionsController#destroy as HTML
  Parameters: {"authenticity_token"=>"qtFEZojo0hE+9p5CscrENriB75dkAf+oKPvjneIizJcI5Ju4qv6wiVfQGaYP3/nIzn7YhBG7Kr1LJSbTv741rw=="}
  [1m[36mEmployee Load (0.4ms)[0m  [1m[34mSELECT  "employees".* FROM "employees" WHERE "employees"."id" = ? LIMIT ?[0m  [["id", 3], ["LIMIT", 1]]
Redirected to http://localhost:3000/login
Completed 302 Found in 2ms (ActiveRecord: 0.4ms)


Started GET "/login" for 127.0.0.1 at 2018-01-03 15:40:59 +0530
Processing by SessionsController#new as HTML
  Rendering sessions/new.html.erb within layouts/application
  Rendered sessions/new.html.erb within layouts/application (2.3ms)
  Rendered layouts/_shim.html.erb (0.6ms)
  Rendered layouts/_header.html.erb (1.1ms)
Completed 200 OK in 65ms (Views: 63.1ms | ActiveRecord: 0.0ms)


Started POST "/login" for 127.0.0.1 at 2018-01-03 15:41:05 +0530
Processing by SessionsController#create as HTML
  Parameters: {"utf8"=>"✓", "authenticity_token"=>"WBN45m+eEMLgUi040fQn+5n0R2Mi1kf3YhRKXQ/0Znb6Jqc4TYhyWol0qtxv4RoF7wtwcFdskuIByo8TUmifTg==", "session"=>{"email"=>"pooja92@gmail.com", "password"=>"[FILTERED]", "remember_me"=>"0"}, "commit"=>"Log in"}
  [1m[36mEmployee Load (0.4ms)[0m  [1m[34mSELECT  "employees".* FROM "employees" WHERE "employees"."email" = ? LIMIT ?[0m  [["email", "pooja92@gmail.com"], ["LIMIT", 1]]
Redirected to http://localhost:3000/home
Completed 302 Found in 103ms (ActiveRecord: 0.4ms)


Started GET "/home" for 127.0.0.1 at 2018-01-03 15:41:05 +0530
Processing by EmployeesController#home as HTML
  [1m[36mEmployee Load (0.2ms)[0m  [1m[34mSELECT  "employees".* FROM "employees" WHERE "employees"."id" = ? LIMIT ?[0m  [["id", 3], ["LIMIT", 1]]
  Rendering employees/home.html.erb within layouts/application
  Rendered employees/home.html.erb within layouts/application (0.8ms)
  Rendered layouts/_shim.html.erb (0.4ms)
  Rendered layouts/_header.html.erb (1.5ms)
Completed 200 OK in 69ms (Views: 64.7ms | ActiveRecord: 0.2ms)


Started DELETE "/logout" for 127.0.0.1 at 2018-01-03 15:41:07 +0530
Processing by SessionsController#destroy as HTML
  Parameters: {"authenticity_token"=>"s+HyQ6QLFImZkUNcHVUJkczdqwJE+fvnPyxxC9S14yQR1C2dhh12EfC3xLijQDRvuiKcETFDLvJc8rRFiSkaHA=="}
  [1m[36mEmployee Load (0.2ms)[0m  [1m[34mSELECT  "employees".* FROM "employees" WHERE "employees"."id" = ? LIMIT ?[0m  [["id", 3], ["LIMIT", 1]]
Redirected to http://localhost:3000/login
Completed 302 Found in 3ms (ActiveRecord: 0.2ms)


Started GET "/login" for 127.0.0.1 at 2018-01-03 15:41:07 +0530
Processing by SessionsController#new as HTML
  Rendering sessions/new.html.erb within layouts/application
  Rendered sessions/new.html.erb within layouts/application (3.8ms)
  Rendered layouts/_shim.html.erb (0.5ms)
  Rendered layouts/_header.html.erb (1.1ms)
Completed 200 OK in 65ms (Views: 63.5ms | ActiveRecord: 0.0ms)


Started GET "/adminlogin" for 127.0.0.1 at 2018-01-03 15:41:16 +0530
Processing by AdminsessionController#new as HTML
  Rendering adminsession/new.html.erb within layouts/application
  Rendered adminsession/new.html.erb within layouts/application (2.3ms)
  Rendered layouts/_shim.html.erb (0.4ms)
  Rendered layouts/_header.html.erb (1.2ms)
Completed 200 OK in 59ms (Views: 57.0ms | ActiveRecord: 0.0ms)


Started POST "/adminlogin" for 127.0.0.1 at 2018-01-03 15:41:21 +0530
Processing by AdminsessionController#create as HTML
  Parameters: {"utf8"=>"✓", "authenticity_token"=>"ZDMwvvc6klr+VtKRGK/zCGhCY3gMnevuy6yAvKUb6zPGBu9g1SzwwpdwVXWmus72Hr1Ua3knPvuockXy+IcSCw==", "session"=>{"email"=>"lvaguez@gmail.com", "password"=>"[FILTERED]"}, "commit"=>"Log in"}
  [1m[36mEmployee Load (0.2ms)[0m  [1m[34mSELECT  "employees".* FROM "employees" WHERE "employees"."email" = ? LIMIT ?[0m  [["email", "lvaguez@gmail.com"], ["LIMIT", 1]]
Redirected to http://localhost:3000/adminhome
Completed 302 Found in 102ms (ActiveRecord: 0.2ms)


Started GET "/adminhome" for 127.0.0.1 at 2018-01-03 15:41:21 +0530
Processing by AdminController#home as HTML
  [1m[36mEmployee Load (0.1ms)[0m  [1m[34mSELECT  "employees".* FROM "employees" WHERE "employees"."id" = ? LIMIT ?[0m  [["id", 1], ["LIMIT", 1]]
  Rendering admin/home.html.erb within layouts/application
  Rendered admin/home.html.erb within layouts/application (0.6ms)
  Rendered layouts/_shim.html.erb (0.5ms)
  Rendered layouts/_header.html.erb (1.3ms)
Completed 200 OK in 63ms (Views: 60.6ms | ActiveRecord: 0.1ms)


Started GET "/adminemployee" for 127.0.0.1 at 2018-01-03 15:41:43 +0530
Processing by AdminController#index as HTML
  Rendering admin/index.html.erb within layouts/application
  [1m[36mEmployee Load (0.2ms)[0m  [1m[34mSELECT  "employees".* FROM "employees" WHERE "employees"."id" = ? LIMIT ?[0m  [["id", 1], ["LIMIT", 1]]
  [1m[36mEmployee Load (0.6ms)[0m  [1m[34mSELECT  "employees".* FROM "employees" ORDER BY created_at DESC LIMIT ? OFFSET ?[0m  [["LIMIT", 2], ["OFFSET", 0]]
  [1m[35m (0.3ms)[0m  [1m[34mSELECT COUNT(*) FROM "employees"[0m
  Rendered admin/index.html.erb within layouts/application (9.9ms)
  Rendered layouts/_shim.html.erb (0.4ms)
  Rendered layouts/_header.html.erb (1.4ms)
Completed 200 OK in 77ms (Views: 73.3ms | ActiveRecord: 1.1ms)


Started GET "/adminproject" for 127.0.0.1 at 2018-01-03 15:41:56 +0530
Processing by AdminController#projects as HTML
  [1m[36mEmployee Load (0.4ms)[0m  [1m[34mSELECT  "employees".* FROM "employees" WHERE "employees"."id" = ? LIMIT ?[0m  [["id", 1], ["LIMIT", 1]]
  Rendering admin/projects.html.erb within layouts/application
  Rendered admin/projects.html.erb within layouts/application (0.7ms)
  Rendered layouts/_shim.html.erb (0.4ms)
  Rendered layouts/_header.html.erb (1.2ms)
Completed 200 OK in 75ms (Views: 71.5ms | ActiveRecord: 0.4ms)


Started GET "/adminemployee" for 127.0.0.1 at 2018-01-03 15:41:58 +0530
Processing by AdminController#index as HTML
  Rendering admin/index.html.erb within layouts/application
  [1m[36mEmployee Load (0.4ms)[0m  [1m[34mSELECT  "employees".* FROM "employees" WHERE "employees"."id" = ? LIMIT ?[0m  [["id", 1], ["LIMIT", 1]]
  [1m[36mEmployee Load (0.5ms)[0m  [1m[34mSELECT  "employees".* FROM "employees" ORDER BY created_at DESC LIMIT ? OFFSET ?[0m  [["LIMIT", 2], ["OFFSET", 0]]
  [1m[35m (0.2ms)[0m  [1m[34mSELECT COUNT(*) FROM "employees"[0m
  Rendered admin/index.html.erb within layouts/application (11.3ms)
  Rendered layouts/_shim.html.erb (0.6ms)
  Rendered layouts/_header.html.erb (2.0ms)
Completed 200 OK in 90ms (Views: 87.0ms | ActiveRecord: 1.2ms)


Started DELETE "/adminlogout" for 127.0.0.1 at 2018-01-03 15:41:59 +0530
Processing by AdminsessionController#destroy as HTML
  Parameters: {"authenticity_token"=>"+6jtQsW2+vHhD/XQ51N9jCbk9v3DYrHyt+tRBJjytQ1ZnTKc56CYaYgpcjRZRkByUBvB7rbYZOfUNZRKxW5MNQ=="}
  [1m[36mEmployee Load (0.4ms)[0m  [1m[34mSELECT  "employees".* FROM "employees" WHERE "employees"."id" = ? LIMIT ?[0m  [["id", 1], ["LIMIT", 1]]
Redirected to http://localhost:3000/adminlogin
Completed 302 Found in 3ms (ActiveRecord: 0.4ms)


Started GET "/adminlogin" for 127.0.0.1 at 2018-01-03 15:41:59 +0530
Processing by AdminsessionController#new as HTML
  Rendering adminsession/new.html.erb within layouts/application
  Rendered adminsession/new.html.erb within layouts/application (2.3ms)
  Rendered layouts/_shim.html.erb (0.4ms)
  Rendered layouts/_header.html.erb (1.2ms)
Completed 200 OK in 62ms (Views: 60.5ms | ActiveRecord: 0.0ms)


Started GET "/" for 127.0.0.1 at 2018-01-03 15:42:05 +0530
Processing by SessionsController#new as HTML
  Rendering sessions/new.html.erb within layouts/application
  Rendered sessions/new.html.erb within layouts/application (2.6ms)
  Rendered layouts/_shim.html.erb (0.4ms)
  Rendered layouts/_header.html.erb (1.1ms)
Completed 200 OK in 61ms (Views: 59.4ms | ActiveRecord: 0.0ms)


Started POST "/login" for 127.0.0.1 at 2018-01-03 15:42:10 +0530
Processing by SessionsController#create as HTML
  Parameters: {"utf8"=>"✓", "authenticity_token"=>"zNk3bPk+JEz6tet8+j+oB3MJrSb0f++/8VERYKjwZxlu7Oiy2yhG1JOTbJhEKpX5BfaaNYHFOqqSj9Qu9WyeIQ==", "session"=>{"email"=>"pooja92@gmail.com", "password"=>"[FILTERED]", "remember_me"=>"0"}, "commit"=>"Log in"}
  [1m[36mEmployee Load (0.5ms)[0m  [1m[34mSELECT  "employees".* FROM "employees" WHERE "employees"."email" = ? LIMIT ?[0m  [["email", "pooja92@gmail.com"], ["LIMIT", 1]]
Redirected to http://localhost:3000/home
Completed 302 Found in 102ms (ActiveRecord: 0.5ms)


Started GET "/home" for 127.0.0.1 at 2018-01-03 15:42:10 +0530
Processing by EmployeesController#home as HTML
  [1m[36mEmployee Load (0.4ms)[0m  [1m[34mSELECT  "employees".* FROM "employees" WHERE "employees"."id" = ? LIMIT ?[0m  [["id", 3], ["LIMIT", 1]]
  Rendering employees/home.html.erb within layouts/application
  Rendered employees/home.html.erb within layouts/application (0.8ms)
  Rendered layouts/_shim.html.erb (0.4ms)
  Rendered layouts/_header.html.erb (1.4ms)
Completed 200 OK in 65ms (Views: 62.4ms | ActiveRecord: 0.4ms)


Started GET "/employees/3/edit" for 127.0.0.1 at 2018-01-03 15:42:22 +0530
Processing by EmployeesController#edit as HTML
  Parameters: {"id"=>"3"}
  [1m[36mEmployee Load (0.5ms)[0m  [1m[34mSELECT  "employees".* FROM "employees" WHERE "employees"."id" = ? LIMIT ?[0m  [["id", 3], ["LIMIT", 1]]
  Rendering employees/edit.html.erb within layouts/application
  Rendered employees/edit.html.erb within layouts/application (5.2ms)
  Rendered layouts/_shim.html.erb (0.4ms)
  Rendered layouts/_header.html.erb (1.5ms)
Completed 200 OK in 75ms (Views: 71.9ms | ActiveRecord: 0.5ms)


Started DELETE "/logout" for 127.0.0.1 at 2018-01-03 15:42:29 +0530
Processing by SessionsController#destroy as HTML
  Parameters: {"authenticity_token"=>"2ew9/51K9x9YMCU8kf1DbkWbgyJtdACkmYM50cQN24R72eIhv1yVhzEWotgv6H6QM2S0MRjO1bH6XfyfmZEivA=="}
  [1m[36mEmployee Load (0.4ms)[0m  [1m[34mSELECT  "employees".* FROM "employees" WHERE "employees"."id" = ? LIMIT ?[0m  [["id", 3], ["LIMIT", 1]]
Redirected to http://localhost:3000/login
Completed 302 Found in 3ms (ActiveRecord: 0.4ms)


Started GET "/login" for 127.0.0.1 at 2018-01-03 15:42:29 +0530
Processing by SessionsController#new as HTML
  Rendering sessions/new.html.erb within layouts/application
  Rendered sessions/new.html.erb within layouts/application (2.2ms)
  Rendered layouts/_shim.html.erb (0.5ms)
  Rendered layouts/_header.html.erb (1.4ms)
Completed 200 OK in 64ms (Views: 61.6ms | ActiveRecord: 0.0ms)


Started GET "/" for 127.0.0.1 at 2018-01-03 17:19:47 +0530
Processing by SessionsController#new as HTML
  Rendering sessions/new.html.erb within layouts/application
  Rendered sessions/new.html.erb within layouts/application (2.3ms)
  Rendered layouts/_shim.html.erb (0.4ms)
  Rendered layouts/_header.html.erb (1.6ms)
Completed 200 OK in 60ms (Views: 58.5ms)


Started GET "/adminlogin" for 127.0.0.1 at 2018-01-03 17:19:53 +0530
Processing by AdminsessionController#new as HTML
  Rendering adminsession/new.html.erb within layouts/application
  Rendered adminsession/new.html.erb within layouts/application (2.2ms)
  Rendered layouts/_shim.html.erb (0.5ms)
  Rendered layouts/_header.html.erb (0.9ms)
Completed 200 OK in 74ms (Views: 71.8ms)


Started POST "/adminlogin" for 127.0.0.1 at 2018-01-03 17:19:59 +0530
Processing by AdminsessionController#create as HTML
  Parameters: {"utf8"=>"✓", "authenticity_token"=>"do1s8GV8tDPwdNBa4O8ARaZYvZrx5FxJZ5Mq0bNZF8XUuLMuR2rWq5lSV75e+j270KeKiYReiVwETe+f7sXu/Q==", "session"=>{"email"=>"lvaguez@gmail.com", "password"=>"[FILTERED]"}, "commit"=>"Log in"}
  [1m[36mEmployee Load (0.3ms)[0m  [1m[34mSELECT  "employees".* FROM "employees" WHERE "employees"."email" = ? LIMIT ?[0m  [["email", "lvaguez@gmail.com"], ["LIMIT", 1]]
Redirected to http://localhost:3000/adminhome
Completed 302 Found in 138ms (ActiveRecord: 1.7ms)


Started GET "/adminhome" for 127.0.0.1 at 2018-01-03 17:19:59 +0530
Processing by AdminController#home as HTML
  [1m[36mEmployee Load (0.3ms)[0m  [1m[34mSELECT  "employees".* FROM "employees" WHERE "employees"."id" = ? LIMIT ?[0m  [["id", 1], ["LIMIT", 1]]
  Rendering admin/home.html.erb within layouts/application
  Rendered admin/home.html.erb within layouts/application (1.1ms)
  Rendered layouts/_shim.html.erb (0.4ms)
  Rendered layouts/_header.html.erb (1.4ms)
Completed 200 OK in 68ms (Views: 65.1ms | ActiveRecord: 0.3ms)


Started GET "/adminemployee" for 127.0.0.1 at 2018-01-03 17:20:02 +0530
Processing by AdminController#index as HTML
  Rendering admin/index.html.erb within layouts/application
  [1m[36mEmployee Load (0.3ms)[0m  [1m[34mSELECT  "employees".* FROM "employees" WHERE "employees"."id" = ? LIMIT ?[0m  [["id", 1], ["LIMIT", 1]]
  [1m[36mEmployee Load (0.7ms)[0m  [1m[34mSELECT  "employees".* FROM "employees" ORDER BY created_at DESC LIMIT ? OFFSET ?[0m  [["LIMIT", 1], ["OFFSET", 0]]
  [1m[35m (0.2ms)[0m  [1m[34mSELECT COUNT(*) FROM "employees"[0m
  Rendered admin/index.html.erb within layouts/application (11.3ms)
  Rendered layouts/_shim.html.erb (0.4ms)
  Rendered layouts/_header.html.erb (1.2ms)
Completed 200 OK in 75ms (Views: 71.4ms | ActiveRecord: 1.1ms)


Started POST "/showemployee?id=3" for 127.0.0.1 at 2018-01-03 17:20:08 +0530
Processing by AdminController#show as HTML
  Parameters: {"authenticity_token"=>"202Ou58CWhO41sRW4A9bpq1RpzOqNsrZlYEpG+4YY+Z5eFFlvRQ4i9HwQ7JeGmZY266QIN+MH8z2X+xVs4Sa3g==", "id"=>"3"}
  [1m[36mEmployee Load (0.4ms)[0m  [1m[34mSELECT  "employees".* FROM "employees" WHERE "employees"."id" = ? LIMIT ?[0m  [["id", 1], ["LIMIT", 1]]
  [1m[36mEmployee Load (0.2ms)[0m  [1m[34mSELECT  "employees".* FROM "employees" WHERE "employees"."id" = ? LIMIT ?[0m  [["id", 3], ["LIMIT", 1]]
  Rendering admin/show.html.erb within layouts/application
  Rendered admin/show.html.erb within layouts/application (1.6ms)
  Rendered layouts/_shim.html.erb (0.4ms)
  Rendered layouts/_header.html.erb (1.3ms)
Completed 200 OK in 66ms (Views: 61.8ms | ActiveRecord: 0.6ms)


Started POST "/showemployee?id=3" for 127.0.0.1 at 2018-01-03 17:20:26 +0530
Processing by AdminController#show as HTML
  Parameters: {"authenticity_token"=>"202Ou58CWhO41sRW4A9bpq1RpzOqNsrZlYEpG+4YY+Z5eFFlvRQ4i9HwQ7JeGmZY266QIN+MH8z2X+xVs4Sa3g==", "id"=>"3"}
  [1m[36mEmployee Load (0.2ms)[0m  [1m[34mSELECT  "employees".* FROM "employees" WHERE "employees"."id" = ? LIMIT ?[0m  [["id", 1], ["LIMIT", 1]]
  [1m[36mEmployee Load (0.2ms)[0m  [1m[34mSELECT  "employees".* FROM "employees" WHERE "employees"."id" = ? LIMIT ?[0m  [["id", 3], ["LIMIT", 1]]
  Rendering admin/show.html.erb within layouts/application
  Rendered admin/show.html.erb within layouts/application (1.1ms)
  Rendered layouts/_shim.html.erb (0.4ms)
  Rendered layouts/_header.html.erb (8.9ms)
Completed 200 OK in 74ms (Views: 69.9ms | ActiveRecord: 0.4ms)


Started GET "/adminemployee?page=2" for 127.0.0.1 at 2018-01-03 17:24:15 +0530
Processing by AdminController#index as HTML
  Parameters: {"page"=>"2"}
  Rendering admin/index.html.erb within layouts/application
  [1m[36mEmployee Load (0.2ms)[0m  [1m[34mSELECT  "employees".* FROM "employees" WHERE "employees"."id" = ? LIMIT ?[0m  [["id", 1], ["LIMIT", 1]]
  [1m[36mEmployee Load (0.9ms)[0m  [1m[34mSELECT  "employees".* FROM "employees" ORDER BY created_at DESC LIMIT ? OFFSET ?[0m  [["LIMIT", 1], ["OFFSET", 1]]
  [1m[35m (0.3ms)[0m  [1m[34mSELECT COUNT(*) FROM "employees"[0m
  Rendered admin/index.html.erb within layouts/application (8.9ms)
  Rendered layouts/_shim.html.erb (0.6ms)
  Rendered layouts/_header.html.erb (1.3ms)
Completed 200 OK in 78ms (Views: 74.6ms | ActiveRecord: 1.4ms)


Started GET "/adminemployee?page=3" for 127.0.0.1 at 2018-01-03 17:24:16 +0530
Processing by AdminController#index as HTML
  Parameters: {"page"=>"3"}
  Rendering admin/index.html.erb within layouts/application
  [1m[36mEmployee Load (0.4ms)[0m  [1m[34mSELECT  "employees".* FROM "employees" WHERE "employees"."id" = ? LIMIT ?[0m  [["id", 1], ["LIMIT", 1]]
  [1m[36mEmployee Load (0.9ms)[0m  [1m[34mSELECT  "employees".* FROM "employees" ORDER BY created_at DESC LIMIT ? OFFSET ?[0m  [["LIMIT", 1], ["OFFSET", 2]]
  [1m[35m (0.3ms)[0m  [1m[34mSELECT COUNT(*) FROM "employees"[0m
  Rendered admin/index.html.erb within layouts/application (11.8ms)
  Rendered layouts/_shim.html.erb (0.4ms)
  Rendered layouts/_header.html.erb (1.9ms)
Completed 200 OK in 108ms (Views: 104.0ms | ActiveRecord: 1.6ms)


Started GET "/adminemployee?page=1" for 127.0.0.1 at 2018-01-03 17:24:17 +0530
Processing by AdminController#index as HTML
  Parameters: {"page"=>"1"}
  Rendering admin/index.html.erb within layouts/application
  [1m[36mEmployee Load (0.4ms)[0m  [1m[34mSELECT  "employees".* FROM "employees" WHERE "employees"."id" = ? LIMIT ?[0m  [["id", 1], ["LIMIT", 1]]
  [1m[36mEmployee Load (0.5ms)[0m  [1m[34mSELECT  "employees".* FROM "employees" ORDER BY created_at DESC LIMIT ? OFFSET ?[0m  [["LIMIT", 1], ["OFFSET", 0]]
  [1m[35m (0.3ms)[0m  [1m[34mSELECT COUNT(*) FROM "employees"[0m
  Rendered admin/index.html.erb within layouts/application (10.6ms)
  Rendered layouts/_shim.html.erb (0.4ms)
  Rendered layouts/_header.html.erb (1.3ms)
Completed 200 OK in 79ms (Views: 75.2ms | ActiveRecord: 1.2ms)


